<?xml version="1.0" encoding="utf-8"?><testsuites><testsuite errors="0" failures="10" hostname="ake-PC" name="pytest" skipped="26" tests="643" time="6338.955" timestamp="2020-04-10T12:06:07.017219"><testcase classname="test_suite.centerMonitorRoom.carInOutHandle.test_checkVIPCarRecord.TestCheckVIPCarRecord" file="test_suite\centerMonitorRoom\carInOutHandle\test_checkVIPCarRecord.py" line="20" name="test_createMonthTicketConfig[send_data0-expect0]" time="17.859"></testcase><testcase classname="test_suite.centerMonitorRoom.carInOutHandle.test_checkVIPCarRecord.TestCheckVIPCarRecord" file="test_suite\centerMonitorRoom\carInOutHandle\test_checkVIPCarRecord.py" line="26" name="test_openMonthTicketBill[send_data0-expect0]" time="9.678"></testcase><testcase classname="test_suite.centerMonitorRoom.carInOutHandle.test_checkVIPCarRecord.TestCheckVIPCarRecord" file="test_suite\centerMonitorRoom\carInOutHandle\test_checkVIPCarRecord.py" line="32" name="test_checkMonthTicketListRecord[send_data0-expect0]" time="10.765"></testcase><testcase classname="test_suite.centerMonitorRoom.carInOutHandle.test_dutyRoomAdjustCarNum.TestDutyRoomAdjustCarNum" file="test_suite\centerMonitorRoom\carInOutHandle\test_dutyRoomAdjustCarNum.py" line="21" name="test_mockCarIn[send_data0-expect0]" time="9.711"></testcase><testcase classname="test_suite.centerMonitorRoom.carInOutHandle.test_dutyRoomAdjustCarNum.TestDutyRoomAdjustCarNum" file="test_suite\centerMonitorRoom\carInOutHandle\test_dutyRoomAdjustCarNum.py" line="27" name="test_dutyRoomAdjustCarNum[send_data0-expect0]" time="10.434"><failure message="AssertionError">self = &lt;test_dutyRoomAdjustCarNum.TestDutyRoomAdjustCarNum object at 0x0000000006F29978&gt;
centerMonitorLogin = &lt;common.Req.Req object at 0x0000000006F100F0&gt;
send_data = {&apos;carNum&apos;: &apos;粤B40312&apos;, &apos;correctCarNum&apos;: &apos;粤C06574&apos;, &apos;inClientID&apos;: 20190507171502, &apos;parkName&apos;: &apos;智泊云接口测试专用停车场&apos;}
expect = {&apos;adjustCarNumMsg&apos;: &apos;粤C06574&apos;, &apos;checkCarInRecordMsg&apos;: &apos;粤C06574&apos;, &apos;dutyRoomCheckCarInMsg&apos;: 0, &apos;mockCarInMsg&apos;: &apos;临时车请稍候&apos;}

    def test_dutyRoomAdjustCarNum(self,centerMonitorLogin, send_data, expect):
        &quot;&quot;&quot;校正车牌&quot;&quot;&quot;
        re = CarInOutHandle(centerMonitorLogin).adjustCarNum(send_data[&apos;carNum&apos;], send_data[&apos;correctCarNum&apos;])
        result = re
&gt;       Assertions().assert_in_text(result, expect[&quot;adjustCarNumMsg&quot;])

test_suite\centerMonitorRoom\carInOutHandle\test_dutyRoomAdjustCarNum.py:32: 
_ _ _ _ _ _ _ _ _ _ _ _ _ _ _ _ _ _ _ _ _ _ _ _ _ _ _ _ _ _ _ _ _ _ _ _ _ _ _ _

self = &lt;common.Assert.Assertions object at 0x0000000006F29B70&gt;
body = {&apos;cause&apos;: &apos;status 500 reading CarInOutApi#adjust(AdjustReq); content:\n{&quot;status&quot;:500,&quot;resultCode&quot;:0,&quot;message&quot;:&quot;系统异常,请稍...Code\\&quot;:0,\\&quot;message\\&quot;:\\&quot;系统异常,请稍后再试\\&quot;,\\&quot;cause\\&quot;:null}&quot;}&apos;, &apos;message&apos;: &apos;系统异常,请稍后再试&apos;, &apos;resultCode&apos;: 0, &apos;status&apos;: 500}
expected_msg = &apos;粤c06574&apos;

    def assert_in_text(self, body, expected_msg):
        &quot;&quot;&quot;
        验证response body中是否包含预期字符串
        :param body:
        :param expected_msg:
        :return:
        &quot;&quot;&quot;
        try:
            expected_msg = self.__formatExpected(str(expected_msg)).lower()
            text = json.dumps(body, ensure_ascii=False).lower()
            # print(text)
&gt;           assert expected_msg in text
E           AssertionError

common\Assert.py:91: AssertionError</failure></testcase><testcase classname="test_suite.centerMonitorRoom.carInOutHandle.test_dutyRoomAdjustCarNum.TestDutyRoomAdjustCarNum" file="test_suite\centerMonitorRoom\carInOutHandle\test_dutyRoomAdjustCarNum.py" line="33" name="test_dutyRoomCheckCarIn[send_data0-expect0]" time="9.629"></testcase><testcase classname="test_suite.centerMonitorRoom.carInOutHandle.test_dutyRoomAdjustCarNum.TestDutyRoomAdjustCarNum" file="test_suite\centerMonitorRoom\carInOutHandle\test_dutyRoomAdjustCarNum.py" line="39" name="test_cendutyCarInRecord[send_data0-expect0]" time="9.555"></testcase><testcase classname="test_suite.centerMonitorRoom.carInOutHandle.test_dutyRoomHandleCarInOut.TestDutyRoomHandleCarInOut" file="test_suite\centerMonitorRoom\carInOutHandle\test_dutyRoomHandleCarInOut.py" line="20" name="test_mockCarIn[send_data0-expect0]" time="8.865"></testcase><testcase classname="test_suite.centerMonitorRoom.carInOutHandle.test_dutyRoomHandleCarInOut.TestDutyRoomHandleCarInOut" file="test_suite\centerMonitorRoom\carInOutHandle\test_dutyRoomHandleCarInOut.py" line="26" name="test_dutyRoomCheckCarIn[send_data0-expect0]" time="9.939"></testcase><testcase classname="test_suite.centerMonitorRoom.carInOutHandle.test_dutyRoomHandleCarInOut.TestDutyRoomHandleCarInOut" file="test_suite\centerMonitorRoom\carInOutHandle\test_dutyRoomHandleCarInOut.py" line="32" name="test_cendutyCarInRecord[send_data0-expect0]" time="9.517"></testcase><testcase classname="test_suite.centerMonitorRoom.carInOutHandle.test_dutyRoomHandleCarInOut.TestDutyRoomHandleCarInOut" file="test_suite\centerMonitorRoom\carInOutHandle\test_dutyRoomHandleCarInOut.py" line="38" name="test_presentCar[send_data0-expect0]" time="8.768"></testcase><testcase classname="test_suite.centerMonitorRoom.carInOutHandle.test_dutyRoomHandleCarInOut.TestDutyRoomHandleCarInOut" file="test_suite\centerMonitorRoom\carInOutHandle\test_dutyRoomHandleCarInOut.py" line="44" name="test_mockCarOut[send_data0-expect0]" time="6.010"></testcase><testcase classname="test_suite.centerMonitorRoom.carInOutHandle.test_dutyRoomHandleCarInOut.TestDutyRoomHandleCarInOut" file="test_suite\centerMonitorRoom\carInOutHandle\test_dutyRoomHandleCarInOut.py" line="50" name="test_dutyRoomCheckCarOut[send_data0-expect0]" time="9.610"></testcase><testcase classname="test_suite.centerMonitorRoom.carInOutHandle.test_dutyRoomHandleCarInOut.TestDutyRoomHandleCarInOut" file="test_suite\centerMonitorRoom\carInOutHandle\test_dutyRoomHandleCarInOut.py" line="56" name="test_cendutyCarOutRecord[send_data0-expect0]" time="9.650"></testcase><testcase classname="test_suite.centerMonitorRoom.carInOutHandle.test_dutyRoomHandleCarInOut.TestDutyRoomHandleCarInOut" file="test_suite\centerMonitorRoom\carInOutHandle\test_dutyRoomHandleCarInOut.py" line="62" name="test_carLeaveHistory[send_data0-expect0]" time="14.143"></testcase><testcase classname="test_suite.centerMonitorRoom.carInOutHandle.test_sendVoiceMsg.TestSendVoiceMsg" file="test_suite\centerMonitorRoom\carInOutHandle\test_sendVoiceMsg.py" line="19" name="test_mockCarIn[send_data0-expect0]" time="4.216"></testcase><testcase classname="test_suite.centerMonitorRoom.carInOutHandle.test_sendVoiceMsg.TestSendVoiceMsg" file="test_suite\centerMonitorRoom\carInOutHandle\test_sendVoiceMsg.py" line="25" name="test_mockCarOut[send_data0-expect0]" time="10.837"></testcase><testcase classname="test_suite.centerMonitorRoom.carInOutHandle.test_sendVoiceMsg.TestSendVoiceMsg" file="test_suite\centerMonitorRoom\carInOutHandle\test_sendVoiceMsg.py" line="31" name="test_sendVoiceMsg[send_data0-expect0]" time="9.509"></testcase><testcase classname="test_suite.centerMonitorRoom.carInOutHandle.test_sendVoiceMsg.TestSendVoiceMsg" file="test_suite\centerMonitorRoom\carInOutHandle\test_sendVoiceMsg.py" line="37" name="test_checkCarMsgYtj[send_data0-expect0]" time="3.069"></testcase><testcase classname="test_suite.centerMonitorRoom.carInOutHandle.test_sendVoiceMsg.TestSendVoiceMsg" file="test_suite\centerMonitorRoom\carInOutHandle\test_sendVoiceMsg.py" line="44" name="test_dutyRoomCheckCarOut[send_data0-expect0]" time="9.783"></testcase><testcase classname="test_suite.centerMonitorRoom.personalInfo.test_operatorLog.TestOperatorLog" file="test_suite\centerMonitorRoom\personalInfo\test_operatorLog.py" line="19" name="test_mockCarIn[send_data0-expect0]" time="3.873"></testcase><testcase classname="test_suite.centerMonitorRoom.personalInfo.test_operatorLog.TestOperatorLog" file="test_suite\centerMonitorRoom\personalInfo\test_operatorLog.py" line="25" name="test_mockCarOut[send_data0-expect0]" time="10.497"></testcase><testcase classname="test_suite.centerMonitorRoom.personalInfo.test_operatorLog.TestOperatorLog" file="test_suite\centerMonitorRoom\personalInfo\test_operatorLog.py" line="31" name="test_sendVoiceMsg[send_data0-expect0]" time="9.397"></testcase><testcase classname="test_suite.centerMonitorRoom.personalInfo.test_operatorLog.TestOperatorLog" file="test_suite\centerMonitorRoom\personalInfo\test_operatorLog.py" line="37" name="test_operatorLog[send_data0-expect0]" time="3.118"></testcase><testcase classname="test_suite.centerMonitorRoom.personalInfo.test_operatorOnLineStatus.TestOperatorOnLineStatus" file="test_suite\centerMonitorRoom\personalInfo\test_operatorOnLineStatus.py" line="20" name="test_operatorStatusLeave[send_data0-expect0]" time="8.616"></testcase><testcase classname="test_suite.centerMonitorRoom.personalInfo.test_operatorOnLineStatus.TestOperatorOnLineStatus" file="test_suite\centerMonitorRoom\personalInfo\test_operatorOnLineStatus.py" line="26" name="test_mockCarIn[send_data0-expect0]" time="4.138"></testcase><testcase classname="test_suite.centerMonitorRoom.personalInfo.test_operatorOnLineStatus.TestOperatorOnLineStatus" file="test_suite\centerMonitorRoom\personalInfo\test_operatorOnLineStatus.py" line="32" name="test_getCarInHandleInfo[send_data0-expect0]" time="3.041"></testcase><testcase classname="test_suite.centerMonitorRoom.personalInfo.test_operatorOnLineStatus.TestOperatorOnLineStatus" file="test_suite\centerMonitorRoom\personalInfo\test_operatorOnLineStatus.py" line="38" name="test_operatorStatusOn[send_data0-expect0]" time="3.422"></testcase><testcase classname="test_suite.centerMonitorRoom.personalInfo.test_operatorOnLineStatus.TestOperatorOnLineStatus" file="test_suite\centerMonitorRoom\personalInfo\test_operatorOnLineStatus.py" line="44" name="test_operatorStatusOff[send_data0-expect0]" time="3.330"></testcase><testcase classname="test_suite.centralTollCollectionRoom.personalInfo.test_centralHandOverCentralDuty.TestCentralHandOverCentralDuty" file="test_suite\centralTollCollectionRoom\personalInfo\test_centralHandOverCentralDuty.py" line="19" name="test_handOverCentralDuty[send_data0-expect0]" time="4.823"></testcase><testcase classname="test_suite.centralTollCollectionRoom.personalInfo.test_centryOffDuty.TestCentryOffDuty" file="test_suite\centralTollCollectionRoom\personalInfo\test_centryOffDuty.py" line="19" name="test_centralOffDuty[None-expect0]" time="4.311"></testcase><testcase classname="test_suite.centralTollCollectionRoom.presentCarHandle.test_centralAdditionalRecord.TestCentralAdditionalRecord" file="test_suite\centralTollCollectionRoom\presentCarHandle\test_centralAdditionalRecord.py" line="21" name="test_centralAdditionalRecord[send_data0-expect0]" time="13.312"></testcase><testcase classname="test_suite.centralTollCollectionRoom.presentCarHandle.test_centralAdditionalRecord.TestCentralAdditionalRecord" file="test_suite\centralTollCollectionRoom\presentCarHandle\test_centralAdditionalRecord.py" line="27" name="test_centryPay[send_data0-expect0]" time="16.564"></testcase><testcase classname="test_suite.centralTollCollectionRoom.presentCarHandle.test_centralAdditionalRecord.TestCentralAdditionalRecord" file="test_suite\centralTollCollectionRoom\presentCarHandle\test_centralAdditionalRecord.py" line="33" name="test_checkCentralChargeRecord[send_data0-expect0]" time="3.849"></testcase><testcase classname="test_suite.centralTollCollectionRoom.presentCarHandle.test_centralAdditionalRecord.TestCentralAdditionalRecord" file="test_suite\centralTollCollectionRoom\presentCarHandle\test_centralAdditionalRecord.py" line="39" name="test_checkParkingBillDetail[send_data0-expect0]" time="15.073"></testcase><testcase classname="test_suite.centralTollCollectionRoom.presentCarHandle.test_centralAdditionalRecord.TestCentralAdditionalRecord" file="test_suite\centralTollCollectionRoom\presentCarHandle\test_centralAdditionalRecord.py" line="45" name="test_mockCarOut[send_data0-expect0]" time="5.920"></testcase><testcase classname="test_suite.centralTollCollectionRoom.presentCarHandle.test_centralAdditionalRecord.TestCentralAdditionalRecord" file="test_suite\centralTollCollectionRoom\presentCarHandle\test_centralAdditionalRecord.py" line="51" name="test_checkCarLeaveHistory[send_data0-expect0]" time="13.888"></testcase><testcase classname="test_suite.centralTollCollectionRoom.presentCarHandle.test_centralAdjustCarNum.TestCentralAdjustCarNum" file="test_suite\centralTollCollectionRoom\presentCarHandle\test_centralAdjustCarNum.py" line="21" name="test_mockCarIn[send_data0-expect0]" time="4.001"></testcase><testcase classname="test_suite.centralTollCollectionRoom.presentCarHandle.test_centralAdjustCarNum.TestCentralAdjustCarNum" file="test_suite\centralTollCollectionRoom\presentCarHandle\test_centralAdjustCarNum.py" line="27" name="test_centralAdjustCarNum[send_data0-expect0]" time="8.659"></testcase><testcase classname="test_suite.centralTollCollectionRoom.presentCarHandle.test_centralAdjustCarNum.TestCentralAdjustCarNum" file="test_suite\centralTollCollectionRoom\presentCarHandle\test_centralAdjustCarNum.py" line="33" name="test_centryPay[send_data0-expect0]" time="16.495"></testcase><testcase classname="test_suite.centralTollCollectionRoom.presentCarHandle.test_centralAdjustCarNum.TestCentralAdjustCarNum" file="test_suite\centralTollCollectionRoom\presentCarHandle\test_centralAdjustCarNum.py" line="39" name="test_mockCarOut[send_data0-expect0]" time="4.757"></testcase><testcase classname="test_suite.centralTollCollectionRoom.presentCarHandle.test_centralAdjustCarNum.TestCentralAdjustCarNum" file="test_suite\centralTollCollectionRoom\presentCarHandle\test_centralAdjustCarNum.py" line="45" name="test_checkCarLeaveHistory[send_data0-expect0]" time="14.439"></testcase><testcase classname="test_suite.centralTollCollectionRoom.presentCarHandle.test_centralAdjustCarNumAndType.TestCentralAdjustCarNumAndType" file="test_suite\centralTollCollectionRoom\presentCarHandle\test_centralAdjustCarNumAndType.py" line="21" name="test_mockCarIn[send_data0-expect0]" time="4.040"></testcase><testcase classname="test_suite.centralTollCollectionRoom.presentCarHandle.test_centralAdjustCarNumAndType.TestCentralAdjustCarNumAndType" file="test_suite\centralTollCollectionRoom\presentCarHandle\test_centralAdjustCarNumAndType.py" line="27" name="test_centralAdjustCarNum[send_data0-expect0]" time="9.249"></testcase><testcase classname="test_suite.centralTollCollectionRoom.presentCarHandle.test_centralAdjustCarNumAndType.TestCentralAdjustCarNumAndType" file="test_suite\centralTollCollectionRoom\presentCarHandle\test_centralAdjustCarNumAndType.py" line="33" name="test_centralPresentCarType[send_data0-expect0]" time="3.737"></testcase><testcase classname="test_suite.centralTollCollectionRoom.presentCarHandle.test_centralAdjustCarNumAndType.TestCentralAdjustCarNumAndType" file="test_suite\centralTollCollectionRoom\presentCarHandle\test_centralAdjustCarNumAndType.py" line="39" name="test_centryPay[send_data0-expect0]" time="15.601"></testcase><testcase classname="test_suite.centralTollCollectionRoom.presentCarHandle.test_centralAdjustCarNumAndType.TestCentralAdjustCarNumAndType" file="test_suite\centralTollCollectionRoom\presentCarHandle\test_centralAdjustCarNumAndType.py" line="45" name="test_mockCarOut[send_data0-expect0]" time="4.705"></testcase><testcase classname="test_suite.centralTollCollectionRoom.presentCarHandle.test_centralAdjustCarNumAndType.TestCentralAdjustCarNumAndType" file="test_suite\centralTollCollectionRoom\presentCarHandle\test_centralAdjustCarNumAndType.py" line="51" name="test_checkCarLeaveHistory[send_data0-expect0]" time="14.007"></testcase><testcase classname="test_suite.centralTollCollectionRoom.presentCarHandle.test_centralAdjustCarType.TestCentralAdjustCarType" file="test_suite\centralTollCollectionRoom\presentCarHandle\test_centralAdjustCarType.py" line="21" name="test_mockCarIn[send_data0-expect0]" time="4.509"></testcase><testcase classname="test_suite.centralTollCollectionRoom.presentCarHandle.test_centralAdjustCarType.TestCentralAdjustCarType" file="test_suite\centralTollCollectionRoom\presentCarHandle\test_centralAdjustCarType.py" line="27" name="test_centralAdjustCarType[send_data0-expect0]" time="7.489"></testcase><testcase classname="test_suite.centralTollCollectionRoom.presentCarHandle.test_centralAdjustCarType.TestCentralAdjustCarType" file="test_suite\centralTollCollectionRoom\presentCarHandle\test_centralAdjustCarType.py" line="33" name="test_centralPresentCarType[send_data0-expect0]" time="3.729"></testcase><testcase classname="test_suite.centralTollCollectionRoom.presentCarHandle.test_centralAdjustCarType.TestCentralAdjustCarType" file="test_suite\centralTollCollectionRoom\presentCarHandle\test_centralAdjustCarType.py" line="39" name="test_centryPay[send_data0-expect0]" time="15.735"></testcase><testcase classname="test_suite.centralTollCollectionRoom.presentCarHandle.test_centralAdjustCarType.TestCentralAdjustCarType" file="test_suite\centralTollCollectionRoom\presentCarHandle\test_centralAdjustCarType.py" line="45" name="test_mockCarOut[send_data0-expect0]" time="4.460"></testcase><testcase classname="test_suite.centralTollCollectionRoom.presentCarHandle.test_centralAdjustCarType.TestCentralAdjustCarType" file="test_suite\centralTollCollectionRoom\presentCarHandle\test_centralAdjustCarType.py" line="51" name="test_checkCarLeaveHistory[send_data0-expect0]" time="13.820"></testcase><testcase classname="test_suite.centralTollCollectionRoom.presentCarHandle.test_centralPay.TestCentralPay" file="test_suite\centralTollCollectionRoom\presentCarHandle\test_centralPay.py" line="21" name="test_mockCarIn[send_data0-expect0]" time="4.007"></testcase><testcase classname="test_suite.centralTollCollectionRoom.presentCarHandle.test_centralPay.TestCentralPay" file="test_suite\centralTollCollectionRoom\presentCarHandle\test_centralPay.py" line="27" name="test_centryPay[send_data0-expect0]" time="16.175"></testcase><testcase classname="test_suite.centralTollCollectionRoom.presentCarHandle.test_centralPay.TestCentralPay" file="test_suite\centralTollCollectionRoom\presentCarHandle\test_centralPay.py" line="33" name="test_checkChargeDetail[send_data0-expect0]" time="7.388"></testcase><testcase classname="test_suite.centralTollCollectionRoom.presentCarHandle.test_centralPay.TestCentralPay" file="test_suite\centralTollCollectionRoom\presentCarHandle\test_centralPay.py" line="39" name="test_centralTicket[send_data0-expect0]" time="7.209"></testcase><testcase classname="test_suite.centralTollCollectionRoom.presentCarHandle.test_centralPay.TestCentralPay" file="test_suite\centralTollCollectionRoom\presentCarHandle\test_centralPay.py" line="45" name="test_checkCentralChargeRecord[send_data0-expect0]" time="3.586"></testcase><testcase classname="test_suite.centralTollCollectionRoom.presentCarHandle.test_centralPay.TestCentralPay" file="test_suite\centralTollCollectionRoom\presentCarHandle\test_centralPay.py" line="52" name="test_checkParkingBillDetail[send_data0-expect0]" time="13.815"></testcase><testcase classname="test_suite.centralTollCollectionRoom.presentCarHandle.test_centralPay.TestCentralPay" file="test_suite\centralTollCollectionRoom\presentCarHandle\test_centralPay.py" line="58" name="test_mockCarOut[send_data0-expect0]" time="5.329"></testcase><testcase classname="test_suite.centralTollCollectionRoom.presentCarHandle.test_centralPay.TestCentralPay" file="test_suite\centralTollCollectionRoom\presentCarHandle\test_centralPay.py" line="64" name="test_checkCarLeaveHistory[send_data0-expect0]" time="14.032"></testcase><testcase classname="test_suite.centralTollCollectionRoom.presentCarHandle.test_centralPayWithCoupon.TestCentralPayWithCoupon" file="test_suite\centralTollCollectionRoom\presentCarHandle\test_centralPayWithCoupon.py" line="22" name="test_mockCarIn[send_data0-expect0]" time="4.123"></testcase><testcase classname="test_suite.centralTollCollectionRoom.presentCarHandle.test_centralPayWithCoupon.TestCentralPayWithCoupon" file="test_suite\centralTollCollectionRoom\presentCarHandle\test_centralPayWithCoupon.py" line="28" name="test_sendCoupon[send_data0-expect0]" time="7.713"></testcase><testcase classname="test_suite.centralTollCollectionRoom.presentCarHandle.test_centralPayWithCoupon.TestCentralPayWithCoupon" file="test_suite\centralTollCollectionRoom\presentCarHandle\test_centralPayWithCoupon.py" line="34" name="test_centryPay[send_data0-expect0]" time="16.186"></testcase><testcase classname="test_suite.centralTollCollectionRoom.presentCarHandle.test_centralPayWithCoupon.TestCentralPayWithCoupon" file="test_suite\centralTollCollectionRoom\presentCarHandle\test_centralPayWithCoupon.py" line="40" name="test_checkCentralChargeRecord[send_data0-expect0]" time="3.602"></testcase><testcase classname="test_suite.centralTollCollectionRoom.presentCarHandle.test_centralPayWithCoupon.TestCentralPayWithCoupon" file="test_suite\centralTollCollectionRoom\presentCarHandle\test_centralPayWithCoupon.py" line="47" name="test_checkParkingBillDetail[send_data0-expect0]" time="15.001"></testcase><testcase classname="test_suite.centralTollCollectionRoom.presentCarHandle.test_centralPayWithCoupon.TestCentralPayWithCoupon" file="test_suite\centralTollCollectionRoom\presentCarHandle\test_centralPayWithCoupon.py" line="53" name="test_mockCarOut[send_data0-expect0]" time="4.653"></testcase><testcase classname="test_suite.centralTollCollectionRoom.presentCarHandle.test_centralPayWithCoupon.TestCentralPayWithCoupon" file="test_suite\centralTollCollectionRoom\presentCarHandle\test_centralPayWithCoupon.py" line="59" name="test_checkCarLeaveHistory[send_data0-expect0]" time="13.983"></testcase><testcase classname="test_suite.informationSearch.carNumSearch.test_clearCarNumCheckOut.TestClearCarNumCheckOut" file="test_suite\informationSearch\carNumSearch\test_clearCarNumCheckOut.py" line="20" name="test_mockCarIn[send_data0-expect0]" time="4.355"></testcase><testcase classname="test_suite.informationSearch.carNumSearch.test_clearCarNumCheckOut.TestClearCarNumCheckOut" file="test_suite\informationSearch\carNumSearch\test_clearCarNumCheckOut.py" line="26" name="test_cleanCarCheckOut[send_data0-expect0]" time="20.377"></testcase><testcase classname="test_suite.informationSearch.carNumSearch.test_clearCarNumCheckOut.TestClearCarNumCheckOut" file="test_suite\informationSearch\carNumSearch\test_clearCarNumCheckOut.py" line="32" name="test_checkPresentCar[send_data0-expect0]" time="8.804"></testcase><testcase classname="test_suite.informationSearch.carNumSearch.test_clearCarNumCheckOut.TestClearCarNumCheckOut" file="test_suite\informationSearch\carNumSearch\test_clearCarNumCheckOut.py" line="38" name="test_checkAbnormalInCar[send_data0-expect0]" time="9.404"></testcase><testcase classname="test_suite.informationSearch.carNumSearch.test_intelligenceCleanCarByFile.TestIntelligenceCleanCarByFile" file="test_suite\informationSearch\carNumSearch\test_intelligenceCleanCarByFile.py" line="22" name="test_mockCarInA[send_data0-expect0]" time="4.554"></testcase><testcase classname="test_suite.informationSearch.carNumSearch.test_intelligenceCleanCarByFile.TestIntelligenceCleanCarByFile" file="test_suite\informationSearch\carNumSearch\test_intelligenceCleanCarByFile.py" line="28" name="test_mockCarInB[send_data0-expect0]" time="4.250"></testcase><testcase classname="test_suite.informationSearch.carNumSearch.test_intelligenceCleanCarByFile.TestIntelligenceCleanCarByFile" file="test_suite\informationSearch\carNumSearch\test_intelligenceCleanCarByFile.py" line="34" name="test_intelligenceUploadFile[send_data0-expect0]" time="16.764"></testcase><testcase classname="test_suite.informationSearch.carNumSearch.test_intelligenceCleanCarByFile.TestIntelligenceCleanCarByFile" file="test_suite\informationSearch\carNumSearch\test_intelligenceCleanCarByFile.py" line="40" name="test_checkPresentCar[send_data0-expect0]" time="8.637"></testcase><testcase classname="test_suite.informationSearch.carNumSearch.test_intelligenceCleanCarByFile.TestIntelligenceCleanCarByFile" file="test_suite\informationSearch\carNumSearch\test_intelligenceCleanCarByFile.py" line="47" name="test_checkPresentCarC[send_data0-expect0]" time="9.622"></testcase><testcase classname="test_suite.informationSearch.carNumSearch.test_intelligenceCleanCarByFile.TestIntelligenceCleanCarByFile" file="test_suite\informationSearch\carNumSearch\test_intelligenceCleanCarByFile.py" line="53" name="test_checkAbnormalInCar[send_data0-expect0]" time="9.188"></testcase><testcase classname="test_suite.informationSearch.carNumSearch.test_intelligenceCleanCarByTime.TestIntelligenceCleanCarByTime" file="test_suite\informationSearch\carNumSearch\test_intelligenceCleanCarByTime.py" line="23" name="test_mockCarIn[send_data0-expect0]" time="4.662"></testcase><testcase classname="test_suite.informationSearch.carNumSearch.test_intelligenceCleanCarByTime.TestIntelligenceCleanCarByTime" file="test_suite\informationSearch\carNumSearch\test_intelligenceCleanCarByTime.py" line="29" name="test_intelligenceCheckCarOut[send_data0-expect0]" time="17.092"></testcase><testcase classname="test_suite.informationSearch.carNumSearch.test_intelligenceCleanCarByTime.TestIntelligenceCleanCarByTime" file="test_suite\informationSearch\carNumSearch\test_intelligenceCleanCarByTime.py" line="35" name="test_checkPresentCar[send_data0-expect0]" time="8.847"></testcase><testcase classname="test_suite.informationSearch.carNumSearch.test_intelligenceCleanCarByTime.TestIntelligenceCleanCarByTime" file="test_suite\informationSearch\carNumSearch\test_intelligenceCleanCarByTime.py" line="41" name="test_checkAbnormalInCar[send_data0-expect0]" time="8.826"></testcase><testcase classname="test_suite.informationSearch.technicalSupport.test_abnormalPicCar.TestabnormalPicCar" file="test_suite\informationSearch\technicalSupport\test_abnormalPicCar.py" line="24" name="test_mockCarIn[send_data0-expect0]" time="0.002"><skipped message="尚未成功处理" type="pytest.skip">test_suite\informationSearch\technicalSupport\test_abnormalPicCar.py:25: 尚未成功处理</skipped></testcase><testcase classname="test_suite.informationSearch.technicalSupport.test_abnormalPicCar.TestabnormalPicCar" file="test_suite\informationSearch\technicalSupport\test_abnormalPicCar.py" line="30" name="test_mockCarIn2[send_data0-expect0]" time="0.002"><skipped message="尚未成功处理" type="pytest.skip">test_suite\informationSearch\technicalSupport\test_abnormalPicCar.py:31: 尚未成功处理</skipped></testcase><testcase classname="test_suite.informationSearch.technicalSupport.test_abnormalPicCar.TestabnormalPicCar" file="test_suite\informationSearch\technicalSupport\test_abnormalPicCar.py" line="36" name="test_getAbnormalPicCar[send_data0-expect0]" time="0.001"><skipped message="尚未成功处理" type="pytest.skip">test_suite\informationSearch\technicalSupport\test_abnormalPicCar.py:37: 尚未成功处理</skipped></testcase><testcase classname="test_suite.informationSearch.technicalSupport.test_carAbnormalIn.TestCarAbnormalIn" file="test_suite\informationSearch\technicalSupport\test_carAbnormalIn.py" line="22" name="test_mockCarIn[send_data0-expect0]" time="4.206"></testcase><testcase classname="test_suite.informationSearch.technicalSupport.test_carAbnormalIn.TestCarAbnormalIn" file="test_suite\informationSearch\technicalSupport\test_carAbnormalIn.py" line="29" name="test_presentCar[send_data0-expect0]" time="8.903"></testcase><testcase classname="test_suite.informationSearch.technicalSupport.test_carAbnormalIn.TestCarAbnormalIn" file="test_suite\informationSearch\technicalSupport\test_carAbnormalIn.py" line="35" name="test_mockCarIn2[send_data0-expect0]" time="4.173"></testcase><testcase classname="test_suite.informationSearch.technicalSupport.test_carAbnormalIn.TestCarAbnormalIn" file="test_suite\informationSearch\technicalSupport\test_carAbnormalIn.py" line="42" name="test_presentCar2[send_data0-expect0]" time="9.867"></testcase><testcase classname="test_suite.informationSearch.technicalSupport.test_carAbnormalIn.TestCarAbnormalIn" file="test_suite\informationSearch\technicalSupport\test_carAbnormalIn.py" line="48" name="test_getAbnormalInCar[send_data0-expect0]" time="8.603"></testcase><testcase classname="test_suite.informationSearch.technicalSupport.test_carAbnormalIn.TestCarAbnormalIn" file="test_suite\informationSearch\technicalSupport\test_carAbnormalIn.py" line="55" name="test_mockCarOut[send_data0-expect0]" time="6.608"></testcase><testcase classname="test_suite.informationSearch.technicalSupport.test_carAbnormalIn.TestCarAbnormalIn" file="test_suite\informationSearch\technicalSupport\test_carAbnormalIn.py" line="61" name="test_sentryPay[send_data0-expect0]" time="7.274"><failure message="TypeError: &apos;NoneType&apos; object is not subscriptable">self = &lt;test_carAbnormalIn.TestCarAbnormalIn object at 0x0000000007073978&gt;
sentryLogin = &lt;common.Req.Req object at 0x00000000070769E8&gt;
send_data = {&apos;carNum&apos;: &apos;粤S94813&apos;, &apos;carOutHandleType&apos;: &apos;收费放行&apos;, &apos;carOut_jobId&apos;: &apos;${mytest.carOut_jobId}&apos;, &apos;inClientID&apos;: 20190507171500, ...}
expect = {&apos;abnormalInCar&apos;: &apos;粤S94813&apos;, &apos;carLeaveHistoryMsg&apos;: &apos;粤S94813&apos;, &apos;exceptionType&apos;: &apos;同车场再次进场&apos;, &apos;inscreen&apos;: &apos;粤S94813\\\\欢迎光临&apos;, ...}

    def test_sentryPay(self,sentryLogin,send_data,expect):
        &quot;&quot;&quot;岗亭收费处收费-查看车辆离场信息&quot;&quot;&quot;
&gt;       re = CarInOutHandle(sentryLogin).carInOutHandle(send_data[&apos;carNum&apos;],send_data[&apos;carOutHandleType&apos;],send_data[&apos;carOut_jobId&apos;])

..\test_suite\informationSearch\technicalSupport\test_carAbnormalIn.py:64: 
_ _ _ _ _ _ _ _ _ _ _ _ _ _ _ _ _ _ _ _ _ _ _ _ _ _ _ _ _ _ _ _ _ _ _ _ _ _ _ _

self = &lt;Api.sentry_service.carInOutHandle.CarInOutHandle object at 0x0000000007097E80&gt;
carNum = &apos;粤S94813&apos;, carHandleType = &apos;收费放行&apos;, jobId = &apos;${mytest.carOut_jobId}&apos;

    def carInOutHandle(self,carNum,carHandleType,jobId = &quot;&quot;):
        &quot;&quot;&quot;
        车辆进出场处理（登记放行，收费放行，异常放行）
        :param carNum:
        :param channelName:
        :param carHandleType: &apos;登记放行&apos;,&apos;异常放行&apos;,&apos;登记放行&apos;,&apos;确认放行&apos;
        :param jobId:
        :return:
        &quot;&quot;&quot;
        # channelDict = self.getDictBykey(self.__getDutyChannelStatus().json(), &apos;entrance_name&apos;, channelName)
        type = carHandleType.strip()
    
        if type == &quot;登记放行&quot;:
            type = &quot;&quot;
            carHandleInfoDict = self.getDictByList(self.__getCarInOutHandleIdList(), &apos;content&apos;, &apos;carNo&apos;, carNum)
        elif type == &quot;收费放行&quot; or &quot;异常放行&quot; or &quot;确认放行&quot;:
            carHandleInfoDict = self.getDictByList(self.__getCarInOutHandleIdList(), &apos;content&apos;, &apos;leaveCarNo&apos;, carNum)
&gt;       self.url = &quot;/ydtp-backend-service/api/messages/{}/go&quot;.format(carHandleInfoDict[&apos;id&apos;])
E       TypeError: &apos;NoneType&apos; object is not subscriptable

..\Api\sentry_service\carInOutHandle.py:37: TypeError</failure></testcase><testcase classname="test_suite.informationSearch.technicalSupport.test_carAbnormalIn.TestCarAbnormalIn" file="test_suite\informationSearch\technicalSupport\test_carAbnormalIn.py" line="69" name="test_parkingBillDetail[send_data0-expect0]" time="14.211"><failure message="AssertionError">self = &lt;test_carAbnormalIn.TestCarAbnormalIn object at 0x0000000007079E48&gt;
userLogin = &lt;common.Req.Req object at 0x000000000709A780&gt;
send_data = {&apos;carNum&apos;: &apos;粤S94813&apos;, &apos;carOutHandleType&apos;: &apos;收费放行&apos;, &apos;carOut_jobId&apos;: &apos;${mytest.carOut_jobId}&apos;, &apos;inClientID&apos;: 20190507171500, ...}
expect = {&apos;abnormalInCar&apos;: &apos;粤S94813&apos;, &apos;carLeaveHistoryMsg&apos;: &apos;粤S94813&apos;, &apos;exceptionType&apos;: &apos;同车场再次进场&apos;, &apos;inscreen&apos;: &apos;粤S94813\\\\欢迎光临&apos;, ...}

    def test_parkingBillDetail(self,userLogin,send_data,expect):
        &quot;&quot;&quot;查看收费记录&quot;&quot;&quot;
        re = Information(userLogin).getParkingBillDetail(send_data[&quot;parkName&quot;],send_data[&quot;carNum&quot;])
        result = re
&gt;       Assertions().assert_in_text(result,expect[&quot;parkingBillMsg&quot;])

..\test_suite\informationSearch\technicalSupport\test_carAbnormalIn.py:74: 
_ _ _ _ _ _ _ _ _ _ _ _ _ _ _ _ _ _ _ _ _ _ _ _ _ _ _ _ _ _ _ _ _ _ _ _ _ _ _ _

self = &lt;common.Assert.Assertions object at 0x000000000731B438&gt;, body = []
expected_msg = &apos;粤s94813&apos;

    def assert_in_text(self, body, expected_msg):
        &quot;&quot;&quot;
        验证response body中是否包含预期字符串
        :param body:
        :param expected_msg:
        :return:
        &quot;&quot;&quot;
        try:
            expected_msg = self.__formatExpected(str(expected_msg)).lower()
            text = json.dumps(body, ensure_ascii=False).lower()
            # print(text)
&gt;           assert expected_msg in text
E           AssertionError

..\common\Assert.py:91: AssertionError</failure></testcase><testcase classname="test_suite.informationSearch.technicalSupport.test_carAbnormalIn.TestCarAbnormalIn" file="test_suite\informationSearch\technicalSupport\test_carAbnormalIn.py" line="75" name="test_carLeaveHistory[send_data0-expect0]" time="14.154"><failure message="AssertionError">self = &lt;test_carAbnormalIn.TestCarAbnormalIn object at 0x0000000007342BE0&gt;
userLogin = &lt;common.Req.Req object at 0x00000000070CA470&gt;
send_data = {&apos;carNum&apos;: &apos;粤S94813&apos;, &apos;carOutHandleType&apos;: &apos;收费放行&apos;, &apos;carOut_jobId&apos;: &apos;${mytest.carOut_jobId}&apos;, &apos;inClientID&apos;: 20190507171500, ...}
expect = {&apos;abnormalInCar&apos;: &apos;粤S94813&apos;, &apos;carLeaveHistoryMsg&apos;: &apos;粤S94813&apos;, &apos;exceptionType&apos;: &apos;同车场再次进场&apos;, &apos;inscreen&apos;: &apos;粤S94813\\\\欢迎光临&apos;, ...}

    def test_carLeaveHistory(self, userLogin, send_data, expect):
        &quot;&quot;&quot;查看进出场记录&quot;&quot;&quot;
        re = Information(userLogin).getCarLeaveHistory(send_data[&quot;parkName&quot;], send_data[&quot;carNum&quot;])
        result = re
&gt;       Assertions().assert_in_text(result, expect[&quot;carLeaveHistoryMsg&quot;])

..\test_suite\informationSearch\technicalSupport\test_carAbnormalIn.py:80: 
_ _ _ _ _ _ _ _ _ _ _ _ _ _ _ _ _ _ _ _ _ _ _ _ _ _ _ _ _ _ _ _ _ _ _ _ _ _ _ _

self = &lt;common.Assert.Assertions object at 0x00000000073185F8&gt;, body = []
expected_msg = &apos;粤s94813&apos;

    def assert_in_text(self, body, expected_msg):
        &quot;&quot;&quot;
        验证response body中是否包含预期字符串
        :param body:
        :param expected_msg:
        :return:
        &quot;&quot;&quot;
        try:
            expected_msg = self.__formatExpected(str(expected_msg)).lower()
            text = json.dumps(body, ensure_ascii=False).lower()
            # print(text)
&gt;           assert expected_msg in text
E           AssertionError

..\common\Assert.py:91: AssertionError</failure></testcase><testcase classname="test_suite.parkingConfig.test_registerParking.TestRegisterParking" file="test_suite\parkingConfig\test_registerParking.py" line="21" name="test_getActivationCode[send_data0-expect0]" time="8.455"></testcase><testcase classname="test_suite.parkingConfig.test_registerParking.TestRegisterParking" file="test_suite\parkingConfig\test_registerParking.py" line="27" name="test_registerUser[send_data0-expect0]" time="13.200"></testcase><testcase classname="test_suite.parkingConfig.test_registerParking.TestRegisterParking" file="test_suite\parkingConfig\test_registerParking.py" line="35" name="test_addOperatorPark[userLogin0-send_data0-expect0]" time="14.157"></testcase><testcase classname="test_suite.parkingConfig.test_registerParking.TestRegisterParking" file="test_suite\parkingConfig\test_registerParking.py" line="42" name="test_saveParkAuditing[send_data0-expect0]" time="10.006"></testcase><testcase classname="test_suite.parkingConfig.test_registerParking.TestRegisterParking" file="test_suite\parkingConfig\test_registerParking.py" line="48" name="test_checkParkingOnLine[userLogin0-send_data0-expect0]" time="10.547"></testcase><testcase classname="test_suite.parkingConfig.test_registerParkingFail.TestRegisterParkingFail" file="test_suite\parkingConfig\test_registerParkingFail.py" line="21" name="test_getActivationCode[send_data0-expect0]" time="7.656"></testcase><testcase classname="test_suite.parkingConfig.test_registerParkingFail.TestRegisterParkingFail" file="test_suite\parkingConfig\test_registerParkingFail.py" line="27" name="test_registerUser[send_data0-expect0]" time="12.806"></testcase><testcase classname="test_suite.parkingConfig.test_registerParkingFail.TestRegisterParkingFail" file="test_suite\parkingConfig\test_registerParkingFail.py" line="35" name="test_addOperatorPark[userLogin0-send_data0-expect0]" time="6.286"></testcase><testcase classname="test_suite.parkingConfig.freeParking.lightRuleChannel.test_carLightRuleInOut_noPay.TestCarLightRuleInOutNoPay" file="test_suite\parkingConfig\freeParking\lightRuleChannel\test_carLightRuleInOut_noPay.py" line="21" name="test_mockCarIn[send_data0-expect0]" time="3.948"></testcase><testcase classname="test_suite.parkingConfig.freeParking.lightRuleChannel.test_carLightRuleInOut_noPay.TestCarLightRuleInOutNoPay" file="test_suite\parkingConfig\freeParking\lightRuleChannel\test_carLightRuleInOut_noPay.py" line="27" name="test_presentCar[send_data0-expect0]" time="8.958"></testcase><testcase classname="test_suite.parkingConfig.freeParking.lightRuleChannel.test_carLightRuleInOut_noPay.TestCarLightRuleInOutNoPay" file="test_suite\parkingConfig\freeParking\lightRuleChannel\test_carLightRuleInOut_noPay.py" line="33" name="test_mockCarOut[send_data0-expect0]" time="5.153"></testcase><testcase classname="test_suite.parkingConfig.freeParking.lightRuleChannel.test_carLightRuleInOut_noPay.TestCarLightRuleInOutNoPay" file="test_suite\parkingConfig\freeParking\lightRuleChannel\test_carLightRuleInOut_noPay.py" line="39" name="test_carLeaveHistory[send_data0-expect0]" time="13.917"></testcase><testcase classname="test_suite.parkingConfig.freeParking.lightRuleChannel.test_carLightRuleOut_noInside.TestCarLightRuleOutNoInside" file="test_suite\parkingConfig\freeParking\lightRuleChannel\test_carLightRuleOut_noInside.py" line="21" name="test_mockCarOut[send_data0-expect0]" time="4.092"></testcase><testcase classname="test_suite.parkingConfig.freeParking.lightRuleChannel.test_carLightRuleOut_noInside.TestCarLightRuleOutNoInside" file="test_suite\parkingConfig\freeParking\lightRuleChannel\test_carLightRuleOut_noInside.py" line="26" name="test_carLeaveHistory[send_data0-expect0]" time="14.354"></testcase><testcase classname="test_suite.parkingConfig.freeParking.strictRuleChannel.test_carStrictRuleInOut_noPay.TestCarStrictRuleInOutNoPay" file="test_suite\parkingConfig\freeParking\strictRuleChannel\test_carStrictRuleInOut_noPay.py" line="22" name="test_mockCarIn[send_data0-expect0]" time="3.878"></testcase><testcase classname="test_suite.parkingConfig.freeParking.strictRuleChannel.test_carStrictRuleInOut_noPay.TestCarStrictRuleInOutNoPay" file="test_suite\parkingConfig\freeParking\strictRuleChannel\test_carStrictRuleInOut_noPay.py" line="27" name="test_checkCarIn[send_data0-expect0]" time="16.871"></testcase><testcase classname="test_suite.parkingConfig.freeParking.strictRuleChannel.test_carStrictRuleInOut_noPay.TestCarStrictRuleInOutNoPay" file="test_suite\parkingConfig\freeParking\strictRuleChannel\test_carStrictRuleInOut_noPay.py" line="35" name="test_presentCar[send_data0-expect0]" time="9.484"></testcase><testcase classname="test_suite.parkingConfig.freeParking.strictRuleChannel.test_carStrictRuleInOut_noPay.TestCarStrictRuleInOutNoPay" file="test_suite\parkingConfig\freeParking\strictRuleChannel\test_carStrictRuleInOut_noPay.py" line="41" name="test_mockCarOut[send_data0-expect0]" time="6.433"></testcase><testcase classname="test_suite.parkingConfig.freeParking.strictRuleChannel.test_carStrictRuleInOut_noPay.TestCarStrictRuleInOutNoPay" file="test_suite\parkingConfig\freeParking\strictRuleChannel\test_carStrictRuleInOut_noPay.py" line="47" name="test_checkCarOut[send_data0-expect0]" time="16.660"></testcase><testcase classname="test_suite.parkingConfig.freeParking.strictRuleChannel.test_carStrictRuleInOut_noPay.TestCarStrictRuleInOutNoPay" file="test_suite\parkingConfig\freeParking\strictRuleChannel\test_carStrictRuleInOut_noPay.py" line="55" name="test_carLeaveHistory[send_data0-expect0]" time="14.248"></testcase><testcase classname="test_suite.parkingConfig.freeParking.strictRuleChannel.test_carStrictRuleOut_noInside.TestCarLightRuleOutNoInside" file="test_suite\parkingConfig\freeParking\strictRuleChannel\test_carStrictRuleOut_noInside.py" line="22" name="test_mockCarOut[send_data0-expect0]" time="4.193"></testcase><testcase classname="test_suite.parkingConfig.freeParking.strictRuleChannel.test_carStrictRuleOut_noInside.TestCarLightRuleOutNoInside" file="test_suite\parkingConfig\freeParking\strictRuleChannel\test_carStrictRuleOut_noInside.py" line="28" name="test_checkCarOut[send_data0-expect0]" time="16.828"></testcase><testcase classname="test_suite.parkingConfig.freeParking.strictRuleChannel.test_carStrictRuleOut_noInside.TestCarLightRuleOutNoInside" file="test_suite\parkingConfig\freeParking\strictRuleChannel\test_carStrictRuleOut_noInside.py" line="36" name="test_carLeaveHistory[send_data0-expect0]" time="14.713"></testcase><testcase classname="test_suite.parkingConfig.freeParking.strictRuleChannel.test_greenCarStrictRuleInOutNoPay.TestGreenCarStrictRuleInOutNoPay" file="test_suite\parkingConfig\freeParking\strictRuleChannel\test_greenCarStrictRuleInOutNoPay.py" line="21" name="test_mockCarIn[send_data0-expect0]" time="4.225"></testcase><testcase classname="test_suite.parkingConfig.freeParking.strictRuleChannel.test_greenCarStrictRuleInOutNoPay.TestGreenCarStrictRuleInOutNoPay" file="test_suite\parkingConfig\freeParking\strictRuleChannel\test_greenCarStrictRuleInOutNoPay.py" line="26" name="test_checkCarIn[send_data0-expect0]" time="16.572"></testcase><testcase classname="test_suite.parkingConfig.freeParking.strictRuleChannel.test_greenCarStrictRuleInOutNoPay.TestGreenCarStrictRuleInOutNoPay" file="test_suite\parkingConfig\freeParking\strictRuleChannel\test_greenCarStrictRuleInOutNoPay.py" line="34" name="test_presentCar[send_data0-expect0]" time="8.684"></testcase><testcase classname="test_suite.parkingConfig.freeParking.strictRuleChannel.test_greenCarStrictRuleInOutNoPay.TestGreenCarStrictRuleInOutNoPay" file="test_suite\parkingConfig\freeParking\strictRuleChannel\test_greenCarStrictRuleInOutNoPay.py" line="40" name="test_mockCarOut[send_data0-expect0]" time="5.567"></testcase><testcase classname="test_suite.parkingConfig.freeParking.strictRuleChannel.test_greenCarStrictRuleInOutNoPay.TestGreenCarStrictRuleInOutNoPay" file="test_suite\parkingConfig\freeParking\strictRuleChannel\test_greenCarStrictRuleInOutNoPay.py" line="46" name="test_checkCarOut[send_data0-expect0]" time="16.684"></testcase><testcase classname="test_suite.parkingConfig.freeParking.strictRuleChannel.test_greenCarStrictRuleInOutNoPay.TestGreenCarStrictRuleInOutNoPay" file="test_suite\parkingConfig\freeParking\strictRuleChannel\test_greenCarStrictRuleInOutNoPay.py" line="54" name="test_carLeaveHistory[send_data0-expect0]" time="13.841"></testcase><testcase classname="test_suite.parkingConfig.settingParking.alarmSetting.test_adjustCarNumByConfidence.TestAdjustCarNumByConfidence" file="test_suite\parkingConfig\settingParking\alarmSetting\test_adjustCarNumByConfidence.py" line="22" name="test_enableConfidenceAlarm[send_data0-expect0]" time="15.705"></testcase><testcase classname="test_suite.parkingConfig.settingParking.alarmSetting.test_adjustCarNumByConfidence.TestAdjustCarNumByConfidence" file="test_suite\parkingConfig\settingParking\alarmSetting\test_adjustCarNumByConfidence.py" line="28" name="test_mockCarIn[send_data0-expect0]" time="8.567"></testcase><testcase classname="test_suite.parkingConfig.settingParking.alarmSetting.test_adjustCarNumByConfidence.TestAdjustCarNumByConfidence" file="test_suite\parkingConfig\settingParking\alarmSetting\test_adjustCarNumByConfidence.py" line="34" name="test_adjustCarNumByConfidenceAlarm[send_data0-expect0]" time="11.187"></testcase><testcase classname="test_suite.parkingConfig.settingParking.alarmSetting.test_adjustCarNumByConfidence.TestAdjustCarNumByConfidence" file="test_suite\parkingConfig\settingParking\alarmSetting\test_adjustCarNumByConfidence.py" line="40" name="test_cendutyCarInRecord[send_data0-expect0]" time="9.718"></testcase><testcase classname="test_suite.parkingConfig.settingParking.alarmSetting.test_adjustCarNumByConfidence.TestAdjustCarNumByConfidence" file="test_suite\parkingConfig\settingParking\alarmSetting\test_adjustCarNumByConfidence.py" line="46" name="test_presentCar[send_data0-expect0]" time="8.594"></testcase><testcase classname="test_suite.parkingConfig.settingParking.alarmSetting.test_adjustCarNumByConfidence.TestAdjustCarNumByConfidence" file="test_suite\parkingConfig\settingParking\alarmSetting\test_adjustCarNumByConfidence.py" line="52" name="test_disableConfidenceAlarm[send_data0-expect0]" time="15.534"></testcase><testcase classname="test_suite.parkingConfig.settingParking.parkSetting.test_carInOutCastNum.TestCarInOutCastNum" file="test_suite\parkingConfig\settingParking\parkSetting\test_carInOutCastNum.py" line="23" name="test_enableCastNum[send_data0-expect0]" time="24.232"></testcase><testcase classname="test_suite.parkingConfig.settingParking.parkSetting.test_carInOutCastNum.TestCarInOutCastNum" file="test_suite\parkingConfig\settingParking\parkSetting\test_carInOutCastNum.py" line="29" name="test_mockCarIn[send_data0-expect0]" time="4.181"></testcase><testcase classname="test_suite.parkingConfig.settingParking.parkSetting.test_carInOutCastNum.TestCarInOutCastNum" file="test_suite\parkingConfig\settingParking\parkSetting\test_carInOutCastNum.py" line="35" name="test_presentCar[send_data0-expect0]" time="9.087"></testcase><testcase classname="test_suite.parkingConfig.settingParking.parkSetting.test_carInOutCastNum.TestCarInOutCastNum" file="test_suite\parkingConfig\settingParking\parkSetting\test_carInOutCastNum.py" line="41" name="test_mockCarOut[send_data0-expect0]" time="5.926"></testcase><testcase classname="test_suite.parkingConfig.settingParking.parkSetting.test_carInOutCastNum.TestCarInOutCastNum" file="test_suite\parkingConfig\settingParking\parkSetting\test_carInOutCastNum.py" line="47" name="test_sentryPay[send_data0-expect0]" time="17.636"></testcase><testcase classname="test_suite.parkingConfig.settingParking.parkSetting.test_carInOutCastNum.TestCarInOutCastNum" file="test_suite\parkingConfig\settingParking\parkSetting\test_carInOutCastNum.py" line="53" name="test_parkingBillDetail[send_data0-expect0]" time="14.855"></testcase><testcase classname="test_suite.parkingConfig.settingParking.parkSetting.test_carInOutCastNum.TestCarInOutCastNum" file="test_suite\parkingConfig\settingParking\parkSetting\test_carInOutCastNum.py" line="59" name="test_carLeaveHistory[send_data0-expect0]" time="14.029"></testcase><testcase classname="test_suite.parkingConfig.settingParking.parkSetting.test_carInOutCastNum.TestCarInOutCastNum" file="test_suite\parkingConfig\settingParking\parkSetting\test_carInOutCastNum.py" line="65" name="test_disableCastNum[send_data0-expect0]" time="24.511"></testcase><testcase classname="test_suite.parkingConfig.settingParking.parkSetting.test_carInOutCastNum.TestCarInOutCastNum" file="test_suite\parkingConfig\settingParking\parkSetting\test_carInOutCastNum.py" line="71" name="test_isCastNumConfig[send_data0-expect0]" time="12.525"></testcase><testcase classname="test_suite.parkingConfig.settingParking.parkSetting.test_carOutMatchByCarInNum.TestCarOutMatchByCarInNum" file="test_suite\parkingConfig\settingParking\parkSetting\test_carOutMatchByCarInNum.py" line="23" name="test_enableMatchCarNum[send_data0-expect0]" time="24.138"></testcase><testcase classname="test_suite.parkingConfig.settingParking.parkSetting.test_carOutMatchByCarInNum.TestCarOutMatchByCarInNum" file="test_suite\parkingConfig\settingParking\parkSetting\test_carOutMatchByCarInNum.py" line="29" name="test_mockCarIn[send_data0-expect0]" time="4.044"></testcase><testcase classname="test_suite.parkingConfig.settingParking.parkSetting.test_carOutMatchByCarInNum.TestCarOutMatchByCarInNum" file="test_suite\parkingConfig\settingParking\parkSetting\test_carOutMatchByCarInNum.py" line="35" name="test_presentCar[send_data0-expect0]" time="9.286"></testcase><testcase classname="test_suite.parkingConfig.settingParking.parkSetting.test_carOutMatchByCarInNum.TestCarOutMatchByCarInNum" file="test_suite\parkingConfig\settingParking\parkSetting\test_carOutMatchByCarInNum.py" line="41" name="test_mockCarOut[send_data0-expect0]" time="6.219"></testcase><testcase classname="test_suite.parkingConfig.settingParking.parkSetting.test_carOutMatchByCarInNum.TestCarOutMatchByCarInNum" file="test_suite\parkingConfig\settingParking\parkSetting\test_carOutMatchByCarInNum.py" line="47" name="test_sentryPay[send_data0-expect0]" time="17.418"></testcase><testcase classname="test_suite.parkingConfig.settingParking.parkSetting.test_carOutMatchByCarInNum.TestCarOutMatchByCarInNum" file="test_suite\parkingConfig\settingParking\parkSetting\test_carOutMatchByCarInNum.py" line="53" name="test_parkingBillDetail[send_data0-expect0]" time="14.052"></testcase><testcase classname="test_suite.parkingConfig.settingParking.parkSetting.test_carOutMatchByCarInNum.TestCarOutMatchByCarInNum" file="test_suite\parkingConfig\settingParking\parkSetting\test_carOutMatchByCarInNum.py" line="59" name="test_carLeaveHistory[send_data0-expect0]" time="13.727"></testcase><testcase classname="test_suite.parkingConfig.settingParking.parkSetting.test_carOutMatchByCarInNum.TestCarOutMatchByCarInNum" file="test_suite\parkingConfig\settingParking\parkSetting\test_carOutMatchByCarInNum.py" line="65" name="test_disableMatchCarNum[send_data0-expect0]" time="23.418"></testcase><testcase classname="test_suite.parkingConfig.settingParking.parkSetting.test_carOutMatchByCarInNum.TestCarOutMatchByCarInNum" file="test_suite\parkingConfig\settingParking\parkSetting\test_carOutMatchByCarInNum.py" line="71" name="test_isMatchCarNumConfig[send_data0-expect0]" time="12.608"></testcase><testcase classname="test_suite.parkingConfig.settingParking.parkSetting.test_carOutMatchByCarOutNum.TestCarOutMatchByCarOutNum" file="test_suite\parkingConfig\settingParking\parkSetting\test_carOutMatchByCarOutNum.py" line="22" name="test_enableMatchCarNum[send_data0-expect0]" time="24.068"></testcase><testcase classname="test_suite.parkingConfig.settingParking.parkSetting.test_carOutMatchByCarOutNum.TestCarOutMatchByCarOutNum" file="test_suite\parkingConfig\settingParking\parkSetting\test_carOutMatchByCarOutNum.py" line="28" name="test_mockCarIn[send_data0-expect0]" time="4.054"></testcase><testcase classname="test_suite.parkingConfig.settingParking.parkSetting.test_carOutMatchByCarOutNum.TestCarOutMatchByCarOutNum" file="test_suite\parkingConfig\settingParking\parkSetting\test_carOutMatchByCarOutNum.py" line="33" name="test_presentCar[send_data0-expect0]" time="8.542"></testcase><testcase classname="test_suite.parkingConfig.settingParking.parkSetting.test_carOutMatchByCarOutNum.TestCarOutMatchByCarOutNum" file="test_suite\parkingConfig\settingParking\parkSetting\test_carOutMatchByCarOutNum.py" line="39" name="test_mockCarOut[send_data0-expect0]" time="7.246"></testcase><testcase classname="test_suite.parkingConfig.settingParking.parkSetting.test_carOutMatchByCarOutNum.TestCarOutMatchByCarOutNum" file="test_suite\parkingConfig\settingParking\parkSetting\test_carOutMatchByCarOutNum.py" line="45" name="test_sentryPay[send_data0-expect0]" time="17.242"></testcase><testcase classname="test_suite.parkingConfig.settingParking.parkSetting.test_carOutMatchByCarOutNum.TestCarOutMatchByCarOutNum" file="test_suite\parkingConfig\settingParking\parkSetting\test_carOutMatchByCarOutNum.py" line="51" name="test_parkingBillDetail[send_data0-expect0]" time="14.275"></testcase><testcase classname="test_suite.parkingConfig.settingParking.parkSetting.test_carOutMatchByCarOutNum.TestCarOutMatchByCarOutNum" file="test_suite\parkingConfig\settingParking\parkSetting\test_carOutMatchByCarOutNum.py" line="57" name="test_carLeaveHistory[send_data0-expect0]" time="14.166"></testcase><testcase classname="test_suite.parkingConfig.settingParking.parkSetting.test_carOutMatchByCarOutNum.TestCarOutMatchByCarOutNum" file="test_suite\parkingConfig\settingParking\parkSetting\test_carOutMatchByCarOutNum.py" line="63" name="test_disableMatchCarNum[send_data0-expect0]" time="24.354"></testcase><testcase classname="test_suite.parkingConfig.settingParking.parkSetting.test_carOutMatchByCarOutNum.TestCarOutMatchByCarOutNum" file="test_suite\parkingConfig\settingParking\parkSetting\test_carOutMatchByCarOutNum.py" line="69" name="test_isMatchCarNumConfig[send_data0-expect0]" time="12.965"></testcase><testcase classname="test_suite.parkingConfig.useParking.lightRuleChannel.test_carInOutDetail.TestCarInOutDetail" file="test_suite\parkingConfig\useParking\lightRuleChannel\test_carInOutDetail.py" line="22" name="test_mockCarIn[send_data0-expect0]" time="4.139"></testcase><testcase classname="test_suite.parkingConfig.useParking.lightRuleChannel.test_carInOutDetail.TestCarInOutDetail" file="test_suite\parkingConfig\useParking\lightRuleChannel\test_carInOutDetail.py" line="28" name="test_presentCar[send_data0-expect0]" time="9.501"></testcase><testcase classname="test_suite.parkingConfig.useParking.lightRuleChannel.test_carInOutDetail.TestCarInOutDetail" file="test_suite\parkingConfig\useParking\lightRuleChannel\test_carInOutDetail.py" line="34" name="test_mockCarOut[send_data0-expect0]" time="6.296"></testcase><testcase classname="test_suite.parkingConfig.useParking.lightRuleChannel.test_carInOutDetail.TestCarInOutDetail" file="test_suite\parkingConfig\useParking\lightRuleChannel\test_carInOutDetail.py" line="40" name="test_sentryPay[send_data0-expect0]" time="17.567"></testcase><testcase classname="test_suite.parkingConfig.useParking.lightRuleChannel.test_carInOutDetail.TestCarInOutDetail" file="test_suite\parkingConfig\useParking\lightRuleChannel\test_carInOutDetail.py" line="46" name="test_parkingBillDetail[send_data0-expect0]" time="13.705"></testcase><testcase classname="test_suite.parkingConfig.useParking.lightRuleChannel.test_carInOutDetail.TestCarInOutDetail" file="test_suite\parkingConfig\useParking\lightRuleChannel\test_carInOutDetail.py" line="52" name="test_carLeaveHistory[send_data0-expect0]" time="14.291"></testcase><testcase classname="test_suite.parkingConfig.useParking.lightRuleChannel.test_carInOutSentryPay.TestCarInOutSentryPay" file="test_suite\parkingConfig\useParking\lightRuleChannel\test_carInOutSentryPay.py" line="23" name="test_mockCarIn[send_data0-expect0]" time="4.418"></testcase><testcase classname="test_suite.parkingConfig.useParking.lightRuleChannel.test_carInOutSentryPay.TestCarInOutSentryPay" file="test_suite\parkingConfig\useParking\lightRuleChannel\test_carInOutSentryPay.py" line="30" name="test_presentCar[send_data0-expect0]" time="8.374"></testcase><testcase classname="test_suite.parkingConfig.useParking.lightRuleChannel.test_carInOutSentryPay.TestCarInOutSentryPay" file="test_suite\parkingConfig\useParking\lightRuleChannel\test_carInOutSentryPay.py" line="36" name="test_mockCarOut[send_data0-expect0]" time="6.063"></testcase><testcase classname="test_suite.parkingConfig.useParking.lightRuleChannel.test_carInOutSentryPay.TestCarInOutSentryPay" file="test_suite\parkingConfig\useParking\lightRuleChannel\test_carInOutSentryPay.py" line="42" name="test_sentryPay[send_data0-expect0]" time="17.185"></testcase><testcase classname="test_suite.parkingConfig.useParking.lightRuleChannel.test_carInOutSentryPay.TestCarInOutSentryPay" file="test_suite\parkingConfig\useParking\lightRuleChannel\test_carInOutSentryPay.py" line="50" name="test_carLeaveHistory[send_data0-expect0]" time="13.549"></testcase><testcase classname="test_suite.parkingConfig.useParking.lightRuleChannel.test_newEnergyCarInOutSentryPay.TestNewEnergyCarInOutSentryPay" file="test_suite\parkingConfig\useParking\lightRuleChannel\test_newEnergyCarInOutSentryPay.py" line="23" name="test_mockCarIn[send_data0-expect0]" time="3.947"></testcase><testcase classname="test_suite.parkingConfig.useParking.lightRuleChannel.test_newEnergyCarInOutSentryPay.TestNewEnergyCarInOutSentryPay" file="test_suite\parkingConfig\useParking\lightRuleChannel\test_newEnergyCarInOutSentryPay.py" line="30" name="test_presentCar[send_data0-expect0]" time="8.388"></testcase><testcase classname="test_suite.parkingConfig.useParking.lightRuleChannel.test_newEnergyCarInOutSentryPay.TestNewEnergyCarInOutSentryPay" file="test_suite\parkingConfig\useParking\lightRuleChannel\test_newEnergyCarInOutSentryPay.py" line="36" name="test_mockCarOut[send_data0-expect0]" time="5.024"></testcase><testcase classname="test_suite.parkingConfig.useParking.lightRuleChannel.test_newEnergyCarInOutSentryPay.TestNewEnergyCarInOutSentryPay" file="test_suite\parkingConfig\useParking\lightRuleChannel\test_newEnergyCarInOutSentryPay.py" line="42" name="test_sentryPay[send_data0-expect0]" time="17.334"></testcase><testcase classname="test_suite.parkingConfig.useParking.lightRuleChannel.test_newEnergyCarInOutSentryPay.TestNewEnergyCarInOutSentryPay" file="test_suite\parkingConfig\useParking\lightRuleChannel\test_newEnergyCarInOutSentryPay.py" line="51" name="test_carLeaveHistory[send_data0-expect0]" time="14.287"></testcase><testcase classname="test_suite.parkingConfig.useParking.lightRuleChannel.test_whitelistWideInOutProcess.TestWhitelistWideInOutProcess" file="test_suite\parkingConfig\useParking\lightRuleChannel\test_whitelistWideInOutProcess.py" line="20" name="test_mockCarIn[send_data0-expect0]" time="3.830"></testcase><testcase classname="test_suite.parkingConfig.useParking.lightRuleChannel.test_whitelistWideInOutProcess.TestWhitelistWideInOutProcess" file="test_suite\parkingConfig\useParking\lightRuleChannel\test_whitelistWideInOutProcess.py" line="27" name="test_presentCar[send_data0-expect0]" time="8.418"></testcase><testcase classname="test_suite.parkingConfig.useParking.lightRuleChannel.test_whitelistWideInOutProcess.TestWhitelistWideInOutProcess" file="test_suite\parkingConfig\useParking\lightRuleChannel\test_whitelistWideInOutProcess.py" line="34" name="test_mockCarOut[send_data0-expect0]" time="4.057"></testcase><testcase classname="test_suite.parkingConfig.useParking.lightRuleChannel.test_whitelistWideInOutProcess.TestWhitelistWideInOutProcess" file="test_suite\parkingConfig\useParking\lightRuleChannel\test_whitelistWideInOutProcess.py" line="41" name="test_CarLeaveHistory[send_data0-expect0]" time="13.639"></testcase><testcase classname="test_suite.parkingConfig.useParking.strictRuleChannel.test_blacklistStrictRuleInOutPay.TestBlacklistStrictRuleInOutPay" file="test_suite\parkingConfig\useParking\strictRuleChannel\test_blacklistStrictRuleInOutPay.py" line="23" name="test_addBlacklistSpecialType[send_data0-expect0]" time="16.179"></testcase><testcase classname="test_suite.parkingConfig.useParking.strictRuleChannel.test_blacklistStrictRuleInOutPay.TestBlacklistStrictRuleInOutPay" file="test_suite\parkingConfig\useParking\strictRuleChannel\test_blacklistStrictRuleInOutPay.py" line="29" name="test_createBlacklistCarNum[send_data0-expect0]" time="11.477"></testcase><testcase classname="test_suite.parkingConfig.useParking.strictRuleChannel.test_blacklistStrictRuleInOutPay.TestBlacklistStrictRuleInOutPay" file="test_suite\parkingConfig\useParking\strictRuleChannel\test_blacklistStrictRuleInOutPay.py" line="35" name="test_mockCarIn[send_data0-expect0]" time="3.853"></testcase><testcase classname="test_suite.parkingConfig.useParking.strictRuleChannel.test_blacklistStrictRuleInOutPay.TestBlacklistStrictRuleInOutPay" file="test_suite\parkingConfig\useParking\strictRuleChannel\test_blacklistStrictRuleInOutPay.py" line="41" name="test_checkCarIn[send_data0-expect0]" time="17.003"></testcase><testcase classname="test_suite.parkingConfig.useParking.strictRuleChannel.test_blacklistStrictRuleInOutPay.TestBlacklistStrictRuleInOutPay" file="test_suite\parkingConfig\useParking\strictRuleChannel\test_blacklistStrictRuleInOutPay.py" line="49" name="test_presentCar[send_data0-expect0]" time="8.714"></testcase><testcase classname="test_suite.parkingConfig.useParking.strictRuleChannel.test_blacklistStrictRuleInOutPay.TestBlacklistStrictRuleInOutPay" file="test_suite\parkingConfig\useParking\strictRuleChannel\test_blacklistStrictRuleInOutPay.py" line="55" name="test_mockCarOut[send_data0-expect0]" time="4.593"></testcase><testcase classname="test_suite.parkingConfig.useParking.strictRuleChannel.test_blacklistStrictRuleInOutPay.TestBlacklistStrictRuleInOutPay" file="test_suite\parkingConfig\useParking\strictRuleChannel\test_blacklistStrictRuleInOutPay.py" line="61" name="test_sentryPay[send_data0-expect0]" time="16.749"></testcase><testcase classname="test_suite.parkingConfig.useParking.strictRuleChannel.test_blacklistStrictRuleInOutPay.TestBlacklistStrictRuleInOutPay" file="test_suite\parkingConfig\useParking\strictRuleChannel\test_blacklistStrictRuleInOutPay.py" line="67" name="test_carLeaveHistory[send_data0-expect0]" time="13.526"></testcase><testcase classname="test_suite.parkingManage.businessCoupon.test_allPriceCoupon.TestAllPriceCoupon" file="test_suite\parkingManage\businessCoupon\test_allPriceCoupon.py" line="23" name="test_addCoupon[send_data0-expect0]" time="15.330"></testcase><testcase classname="test_suite.parkingManage.businessCoupon.test_allPriceCoupon.TestAllPriceCoupon" file="test_suite\parkingManage\businessCoupon\test_allPriceCoupon.py" line="29" name="test_addSell[send_data0-expect0]" time="19.021"></testcase><testcase classname="test_suite.parkingManage.businessCoupon.test_allPriceCoupon.TestAllPriceCoupon" file="test_suite\parkingManage\businessCoupon\test_allPriceCoupon.py" line="35" name="test_sendCoupon[send_data0-expect0]" time="7.456"></testcase><testcase classname="test_suite.parkingManage.businessCoupon.test_allPriceCoupon.TestAllPriceCoupon" file="test_suite\parkingManage\businessCoupon\test_allPriceCoupon.py" line="41" name="test_mockCarIn[send_data0-expect0]" time="4.048"></testcase><testcase classname="test_suite.parkingManage.businessCoupon.test_allPriceCoupon.TestAllPriceCoupon" file="test_suite\parkingManage\businessCoupon\test_allPriceCoupon.py" line="47" name="test_mockCarOut[send_data0-expect0]" time="5.364"></testcase><testcase classname="test_suite.parkingManage.businessCoupon.test_allPriceCoupon.TestAllPriceCoupon" file="test_suite\parkingManage\businessCoupon\test_allPriceCoupon.py" line="53" name="test_sentryPay[send_data0-expect0]" time="17.660"></testcase><testcase classname="test_suite.parkingManage.businessCoupon.test_allPriceCoupon.TestAllPriceCoupon" file="test_suite\parkingManage\businessCoupon\test_allPriceCoupon.py" line="59" name="test_checkParkingBillDetail[send_data0-expect0]" time="13.486"></testcase><testcase classname="test_suite.parkingManage.businessCoupon.test_allPriceCoupon.TestAllPriceCoupon" file="test_suite\parkingManage\businessCoupon\test_allPriceCoupon.py" line="65" name="test_checkCouponSendList[send_data0-expect0]" time="8.444"></testcase><testcase classname="test_suite.parkingManage.businessCoupon.test_allPriceCoupon.TestAllPriceCoupon" file="test_suite\parkingManage\businessCoupon\test_allPriceCoupon.py" line="71" name="test_checkCouponUsedList[send_data0-expect0]" time="13.489"></testcase><testcase classname="test_suite.parkingManage.businessCoupon.test_couponRefund.TestCouponRefund" file="test_suite\parkingManage\businessCoupon\test_couponRefund.py" line="21" name="test_addCoupon[send_data0-expect0]" time="13.092"></testcase><testcase classname="test_suite.parkingManage.businessCoupon.test_couponRefund.TestCouponRefund" file="test_suite\parkingManage\businessCoupon\test_couponRefund.py" line="27" name="test_addSell[send_data0-expect0]" time="18.219"></testcase><testcase classname="test_suite.parkingManage.businessCoupon.test_couponRefund.TestCouponRefund" file="test_suite\parkingManage\businessCoupon\test_couponRefund.py" line="33" name="test_checkCouponOnTrader[send_data0-expect0]" time="3.269"></testcase><testcase classname="test_suite.parkingManage.businessCoupon.test_couponRefund.TestCouponRefund" file="test_suite\parkingManage\businessCoupon\test_couponRefund.py" line="39" name="test_refundCoupon[send_data0-expect0]" time="14.714"></testcase><testcase classname="test_suite.parkingManage.businessCoupon.test_couponRefund.TestCouponRefund" file="test_suite\parkingManage\businessCoupon\test_couponRefund.py" line="45" name="test_checkCouponAgain[send_data0-expect0]" time="3.303"></testcase><testcase classname="test_suite.parkingManage.businessCoupon.test_createGrantUser.TestCreateGrantUser" file="test_suite\parkingManage\businessCoupon\test_createGrantUser.py" line="22" name="test_addCoupon[send_data0-expect0]" time="11.894"></testcase><testcase classname="test_suite.parkingManage.businessCoupon.test_createGrantUser.TestCreateGrantUser" file="test_suite\parkingManage\businessCoupon\test_createGrantUser.py" line="28" name="test_addSell[send_data0-expect0]" time="18.390"></testcase><testcase classname="test_suite.parkingManage.businessCoupon.test_createGrantUser.TestCreateGrantUser" file="test_suite\parkingManage\businessCoupon\test_createGrantUser.py" line="34" name="test_createGrantUser[send_data0-expect0]" time="3.526"></testcase><testcase classname="test_suite.parkingManage.businessCoupon.test_createGrantUser.TestCreateGrantUser" file="test_suite\parkingManage\businessCoupon\test_createGrantUser.py" line="42" name="test_grantUserSendCouponToCar[weiXinLogin0-send_data0-expect0]" time="7.278"></testcase><testcase classname="test_suite.parkingManage.businessCoupon.test_createGrantUser.TestCreateGrantUser" file="test_suite\parkingManage\businessCoupon\test_createGrantUser.py" line="49" name="test_checkCouponSendList[send_data0-expect0]" time="10.376"></testcase><testcase classname="test_suite.parkingManage.businessCoupon.test_createGrantUser.TestCreateGrantUser" file="test_suite\parkingManage\businessCoupon\test_createGrantUser.py" line="55" name="test_delGrantUser[send_data0-expect0]" time="6.578"></testcase><testcase classname="test_suite.parkingManage.businessCoupon.test_createGrantUser.TestCreateGrantUser" file="test_suite\parkingManage\businessCoupon\test_createGrantUser.py" line="61" name="test_isDelGrantUser[send_data0-expect0]" time="3.242"></testcase><testcase classname="test_suite.parkingManage.businessCoupon.test_discountAmountCoupon.TestDiscountAmountCoupon" file="test_suite\parkingManage\businessCoupon\test_discountAmountCoupon.py" line="23" name="test_addCoupon[send_data0-expect0]" time="12.655"></testcase><testcase classname="test_suite.parkingManage.businessCoupon.test_discountAmountCoupon.TestDiscountAmountCoupon" file="test_suite\parkingManage\businessCoupon\test_discountAmountCoupon.py" line="29" name="test_addSell[send_data0-expect0]" time="18.433"></testcase><testcase classname="test_suite.parkingManage.businessCoupon.test_discountAmountCoupon.TestDiscountAmountCoupon" file="test_suite\parkingManage\businessCoupon\test_discountAmountCoupon.py" line="35" name="test_sendCoupon[send_data0-expect0]" time="7.262"></testcase><testcase classname="test_suite.parkingManage.businessCoupon.test_discountAmountCoupon.TestDiscountAmountCoupon" file="test_suite\parkingManage\businessCoupon\test_discountAmountCoupon.py" line="41" name="test_mockCarIn[send_data0-expect0]" time="3.925"></testcase><testcase classname="test_suite.parkingManage.businessCoupon.test_discountAmountCoupon.TestDiscountAmountCoupon" file="test_suite\parkingManage\businessCoupon\test_discountAmountCoupon.py" line="47" name="test_mockCarOut[send_data0-expect0]" time="5.205"></testcase><testcase classname="test_suite.parkingManage.businessCoupon.test_discountAmountCoupon.TestDiscountAmountCoupon" file="test_suite\parkingManage\businessCoupon\test_discountAmountCoupon.py" line="53" name="test_sentryPay[send_data0-expect0]" time="17.871"></testcase><testcase classname="test_suite.parkingManage.businessCoupon.test_discountAmountCoupon.TestDiscountAmountCoupon" file="test_suite\parkingManage\businessCoupon\test_discountAmountCoupon.py" line="59" name="test_checkParkingBillDetail[send_data0-expect0]" time="15.823"></testcase><testcase classname="test_suite.parkingManage.businessCoupon.test_discountAmountCoupon.TestDiscountAmountCoupon" file="test_suite\parkingManage\businessCoupon\test_discountAmountCoupon.py" line="65" name="test_checkCouponSendList[send_data0-expect0]" time="8.620"></testcase><testcase classname="test_suite.parkingManage.businessCoupon.test_discountAmountCoupon.TestDiscountAmountCoupon" file="test_suite\parkingManage\businessCoupon\test_discountAmountCoupon.py" line="71" name="test_checkCouponUsedList[send_data0-expect0]" time="13.553"></testcase><testcase classname="test_suite.parkingManage.businessCoupon.test_editTraderPassword.TestEditTraderPassword" file="test_suite\parkingManage\businessCoupon\test_editTraderPassword.py" line="21" name="test_addTrader[send_data0-expect0]" time="0.001"><skipped message="bug号：15503" type="pytest.skip">test_suite\parkingManage\businessCoupon\test_editTraderPassword.py:22: bug号：15503</skipped></testcase><testcase classname="test_suite.parkingManage.businessCoupon.test_editTraderPassword.TestEditTraderPassword" file="test_suite\parkingManage\businessCoupon\test_editTraderPassword.py" line="29" name="test_editTraderPwd[send_data0-expect0]" time="0.002"><skipped message="bug号：15503" type="pytest.skip">test_suite\parkingManage\businessCoupon\test_editTraderPassword.py:30: bug号：15503</skipped></testcase><testcase classname="test_suite.parkingManage.businessCoupon.test_editTraderPassword.TestEditTraderPassword" file="test_suite\parkingManage\businessCoupon\test_editTraderPassword.py" line="36" name="test_disAbleLoginWeiXin[weiXinLogin0-send_data0-expect0]" time="0.001"><skipped message="bug号：15503" type="pytest.skip">test_suite\parkingManage\businessCoupon\test_editTraderPassword.py:37: bug号：15503</skipped></testcase><testcase classname="test_suite.parkingManage.businessCoupon.test_editTraderPassword.TestEditTraderPassword" file="test_suite\parkingManage\businessCoupon\test_editTraderPassword.py" line="43" name="test_enAbleLoginWeiXin[weiXinLogin0-send_data0-expect0]" time="0.001"><skipped message="bug号：15503" type="pytest.skip">test_suite\parkingManage\businessCoupon\test_editTraderPassword.py:44: bug号：15503</skipped></testcase><testcase classname="test_suite.parkingManage.businessCoupon.test_editTraderPassword.TestEditTraderPassword" file="test_suite\parkingManage\businessCoupon\test_editTraderPassword.py" line="50" name="test_deleteTrader[send_data0-expect0]" time="0.001"><skipped message="bug号：15503" type="pytest.skip">test_suite\parkingManage\businessCoupon\test_editTraderPassword.py:51: bug号：15503</skipped></testcase><testcase classname="test_suite.parkingManage.businessCoupon.test_editTraderPassword.TestEditTraderPassword" file="test_suite\parkingManage\businessCoupon\test_editTraderPassword.py" line="56" name="test_disAbleLoginWeiXinAfterDel[weiXinLogin0-send_data0-expect0]" time="0.000"><skipped message="bug号：15503" type="pytest.skip">test_suite\parkingManage\businessCoupon\test_editTraderPassword.py:57: bug号：15503</skipped></testcase><testcase classname="test_suite.parkingManage.businessCoupon.test_fixedAmountCoupon.TestFixedAmountCoupon" file="test_suite\parkingManage\businessCoupon\test_fixedAmountCoupon.py" line="23" name="test_addCoupon[send_data0-expect0]" time="11.962"></testcase><testcase classname="test_suite.parkingManage.businessCoupon.test_fixedAmountCoupon.TestFixedAmountCoupon" file="test_suite\parkingManage\businessCoupon\test_fixedAmountCoupon.py" line="29" name="test_addSell[send_data0-expect0]" time="18.618"></testcase><testcase classname="test_suite.parkingManage.businessCoupon.test_fixedAmountCoupon.TestFixedAmountCoupon" file="test_suite\parkingManage\businessCoupon\test_fixedAmountCoupon.py" line="35" name="test_sendCoupon[send_data0-expect0]" time="7.192"></testcase><testcase classname="test_suite.parkingManage.businessCoupon.test_fixedAmountCoupon.TestFixedAmountCoupon" file="test_suite\parkingManage\businessCoupon\test_fixedAmountCoupon.py" line="41" name="test_mockCarIn[send_data0-expect0]" time="4.225"></testcase><testcase classname="test_suite.parkingManage.businessCoupon.test_fixedAmountCoupon.TestFixedAmountCoupon" file="test_suite\parkingManage\businessCoupon\test_fixedAmountCoupon.py" line="47" name="test_mockCarOut[send_data0-expect0]" time="5.308"></testcase><testcase classname="test_suite.parkingManage.businessCoupon.test_fixedAmountCoupon.TestFixedAmountCoupon" file="test_suite\parkingManage\businessCoupon\test_fixedAmountCoupon.py" line="53" name="test_sentryPay[send_data0-expect0]" time="17.773"></testcase><testcase classname="test_suite.parkingManage.businessCoupon.test_fixedAmountCoupon.TestFixedAmountCoupon" file="test_suite\parkingManage\businessCoupon\test_fixedAmountCoupon.py" line="59" name="test_checkParkingBillDetail[send_data0-expect0]" time="13.514"></testcase><testcase classname="test_suite.parkingManage.businessCoupon.test_fixedAmountCoupon.TestFixedAmountCoupon" file="test_suite\parkingManage\businessCoupon\test_fixedAmountCoupon.py" line="65" name="test_checkCouponSendList[send_data0-expect0]" time="8.561"></testcase><testcase classname="test_suite.parkingManage.businessCoupon.test_fixedAmountCoupon.TestFixedAmountCoupon" file="test_suite\parkingManage\businessCoupon\test_fixedAmountCoupon.py" line="71" name="test_checkCouponUsedList[send_data0-expect0]" time="14.086"></testcase><testcase classname="test_suite.parkingManage.businessCoupon.test_freeCoupon.TestFreeCoupon" file="test_suite\parkingManage\businessCoupon\test_freeCoupon.py" line="21" name="test_addCoupon[send_data0-expect0]" time="12.201"></testcase><testcase classname="test_suite.parkingManage.businessCoupon.test_freeCoupon.TestFreeCoupon" file="test_suite\parkingManage\businessCoupon\test_freeCoupon.py" line="27" name="test_addSell[send_data0-expect0]" time="19.056"></testcase><testcase classname="test_suite.parkingManage.businessCoupon.test_freeCoupon.TestFreeCoupon" file="test_suite\parkingManage\businessCoupon\test_freeCoupon.py" line="33" name="test_sendCoupon[send_data0-expect0]" time="7.186"></testcase><testcase classname="test_suite.parkingManage.businessCoupon.test_freeCoupon.TestFreeCoupon" file="test_suite\parkingManage\businessCoupon\test_freeCoupon.py" line="39" name="test_mockCarIn[send_data0-expect0]" time="4.088"></testcase><testcase classname="test_suite.parkingManage.businessCoupon.test_freeCoupon.TestFreeCoupon" file="test_suite\parkingManage\businessCoupon\test_freeCoupon.py" line="45" name="test_mockCarOut[send_data0-expect0]" time="5.902"></testcase><testcase classname="test_suite.parkingManage.businessCoupon.test_freeCoupon.TestFreeCoupon" file="test_suite\parkingManage\businessCoupon\test_freeCoupon.py" line="51" name="test_checkParkingBillDetail[send_data0-expect0]" time="14.924"></testcase><testcase classname="test_suite.parkingManage.businessCoupon.test_freeCoupon.TestFreeCoupon" file="test_suite\parkingManage\businessCoupon\test_freeCoupon.py" line="57" name="test_checkCouponSendList[send_data0-expect0]" time="8.732"></testcase><testcase classname="test_suite.parkingManage.businessCoupon.test_freeCoupon.TestFreeCoupon" file="test_suite\parkingManage\businessCoupon\test_freeCoupon.py" line="63" name="test_checkCouponUsedList[send_data0-expect0]" time="13.966"></testcase><testcase classname="test_suite.parkingManage.businessCoupon.test_moreCoverCouponUsed.TestMoreCoverCouponUsed" file="test_suite\parkingManage\businessCoupon\test_moreCoverCouponUsed.py" line="24" name="test_mockCarIn[send_data0-expect0]" time="3.981"></testcase><testcase classname="test_suite.parkingManage.businessCoupon.test_moreCoverCouponUsed.TestMoreCoverCouponUsed" file="test_suite\parkingManage\businessCoupon\test_moreCoverCouponUsed.py" line="30" name="test_sendCouponA[send_data0-expect0]" time="7.462"></testcase><testcase classname="test_suite.parkingManage.businessCoupon.test_moreCoverCouponUsed.TestMoreCoverCouponUsed" file="test_suite\parkingManage\businessCoupon\test_moreCoverCouponUsed.py" line="36" name="test_sendCouponB[send_data0-expect0]" time="7.281"></testcase><testcase classname="test_suite.parkingManage.businessCoupon.test_moreCoverCouponUsed.TestMoreCoverCouponUsed" file="test_suite\parkingManage\businessCoupon\test_moreCoverCouponUsed.py" line="41" name="test_sendCouponC[send_data0-expect0]" time="7.234"></testcase><testcase classname="test_suite.parkingManage.businessCoupon.test_moreCoverCouponUsed.TestMoreCoverCouponUsed" file="test_suite\parkingManage\businessCoupon\test_moreCoverCouponUsed.py" line="46" name="test_sendCouponD[send_data0-expect0]" time="7.142"></testcase><testcase classname="test_suite.parkingManage.businessCoupon.test_moreCoverCouponUsed.TestMoreCoverCouponUsed" file="test_suite\parkingManage\businessCoupon\test_moreCoverCouponUsed.py" line="51" name="test_sendCouponEE[send_data0-expect0]" time="7.101"></testcase><testcase classname="test_suite.parkingManage.businessCoupon.test_moreCoverCouponUsed.TestMoreCoverCouponUsed" file="test_suite\parkingManage\businessCoupon\test_moreCoverCouponUsed.py" line="57" name="test_mockCarOut[send_data0-expect0]" time="5.425"></testcase><testcase classname="test_suite.parkingManage.businessCoupon.test_moreCoverCouponUsed.TestMoreCoverCouponUsed" file="test_suite\parkingManage\businessCoupon\test_moreCoverCouponUsed.py" line="63" name="test_sentryPay[send_data0-expect0]" time="19.246"></testcase><testcase classname="test_suite.parkingManage.businessCoupon.test_moreCoverCouponUsed.TestMoreCoverCouponUsed" file="test_suite\parkingManage\businessCoupon\test_moreCoverCouponUsed.py" line="69" name="test_checkParkingBillDetail[send_data0-expect0]" time="14.382"></testcase><testcase classname="test_suite.parkingManage.businessCoupon.test_moreCoverCouponUsed.TestMoreCoverCouponUsed" file="test_suite\parkingManage\businessCoupon\test_moreCoverCouponUsed.py" line="75" name="test_checkCouponSendList[send_data0-expect0]" time="8.893"></testcase><testcase classname="test_suite.parkingManage.businessCoupon.test_moreCoverCouponUsed.TestMoreCoverCouponUsed" file="test_suite\parkingManage\businessCoupon\test_moreCoverCouponUsed.py" line="81" name="test_checkCouponUsedList[send_data0-expect0]" time="13.939"></testcase><testcase classname="test_suite.parkingManage.businessCoupon.test_moreCoverTimeCouponUsed.TestMoreCoverTimeCouponUsed" file="test_suite\parkingManage\businessCoupon\test_moreCoverTimeCouponUsed.py" line="24" name="test_additionalRecording[send_data0-expect0]" time="13.243"></testcase><testcase classname="test_suite.parkingManage.businessCoupon.test_moreCoverTimeCouponUsed.TestMoreCoverTimeCouponUsed" file="test_suite\parkingManage\businessCoupon\test_moreCoverTimeCouponUsed.py" line="30" name="test_sendCouponA[send_data0-expect0]
[...]
le.test_adjustCarNumAndType.TestAdjustCarNumAndType" file="test_suite\sentryDutyRoom\carInOutHandle\test_adjustCarNumAndType.py" line="48" name="test_mockCarOut[send_data0-expect0]" time="5.030"></testcase><testcase classname="test_suite.sentryDutyRoom.carInOutHandle.test_adjustCarNumAndType.TestAdjustCarNumAndType" file="test_suite\sentryDutyRoom\carInOutHandle\test_adjustCarNumAndType.py" line="54" name="test_adjustCarOutNum[send_data0-expect0]" time="19.962"></testcase><testcase classname="test_suite.sentryDutyRoom.carInOutHandle.test_adjustCarNumAndType.TestAdjustCarNumAndType" file="test_suite\sentryDutyRoom\carInOutHandle\test_adjustCarNumAndType.py" line="61" name="test_sentryPay[send_data0-expect0]" time="17.566"></testcase><testcase classname="test_suite.sentryDutyRoom.carInOutHandle.test_adjustCarNumAndType.TestAdjustCarNumAndType" file="test_suite\sentryDutyRoom\carInOutHandle\test_adjustCarNumAndType.py" line="69" name="test_checkAdjustCarOutWaterNum[send_data0-expect0]" time="8.517"></testcase><testcase classname="test_suite.sentryDutyRoom.carInOutHandle.test_adjustCarNumAndType.TestAdjustCarNumAndType" file="test_suite\sentryDutyRoom\carInOutHandle\test_adjustCarNumAndType.py" line="75" name="test_carLeaveHistory[send_data0-expect0]" time="13.771"></testcase><testcase classname="test_suite.sentryDutyRoom.carInOutHandle.test_carInOutSentryAbnormalPay.TestCarInOutSentryAbnormalPay" file="test_suite\sentryDutyRoom\carInOutHandle\test_carInOutSentryAbnormalPay.py" line="23" name="test_mockCarIn[send_data0-expect0]" time="3.763"></testcase><testcase classname="test_suite.sentryDutyRoom.carInOutHandle.test_carInOutSentryAbnormalPay.TestCarInOutSentryAbnormalPay" file="test_suite\sentryDutyRoom\carInOutHandle\test_carInOutSentryAbnormalPay.py" line="30" name="test_presentCar[send_data0-expect0]" time="8.545"></testcase><testcase classname="test_suite.sentryDutyRoom.carInOutHandle.test_carInOutSentryAbnormalPay.TestCarInOutSentryAbnormalPay" file="test_suite\sentryDutyRoom\carInOutHandle\test_carInOutSentryAbnormalPay.py" line="36" name="test_mockCarOut[send_data0-expect0]" time="8.747"></testcase><testcase classname="test_suite.sentryDutyRoom.carInOutHandle.test_carInOutSentryAbnormalPay.TestCarInOutSentryAbnormalPay" file="test_suite\sentryDutyRoom\carInOutHandle\test_carInOutSentryAbnormalPay.py" line="42" name="test_sentryAbnormalPay[send_data0-expect0]" time="17.364"></testcase><testcase classname="test_suite.sentryDutyRoom.carInOutHandle.test_carInOutSentryAbnormalPay.TestCarInOutSentryAbnormalPay" file="test_suite\sentryDutyRoom\carInOutHandle\test_carInOutSentryAbnormalPay.py" line="50" name="test_carLeaveHistory[send_data0-expect0]" time="13.841"></testcase><testcase classname="test_suite.sentryDutyRoom.carInOutHandle.test_carNumMatchByHuman.TestCarNumMatchByHuman" file="test_suite\sentryDutyRoom\carInOutHandle\test_carNumMatchByHuman.py" line="22" name="test_mockCarInA[send_data0-expect0]" time="3.827"></testcase><testcase classname="test_suite.sentryDutyRoom.carInOutHandle.test_carNumMatchByHuman.TestCarNumMatchByHuman" file="test_suite\sentryDutyRoom\carInOutHandle\test_carNumMatchByHuman.py" line="27" name="test_mockCarIn[send_data0-expect0]" time="4.890"></testcase><testcase classname="test_suite.sentryDutyRoom.carInOutHandle.test_carNumMatchByHuman.TestCarNumMatchByHuman" file="test_suite\sentryDutyRoom\carInOutHandle\test_carNumMatchByHuman.py" line="34" name="test_presentCar[send_data0-expect0]" time="8.429"></testcase><testcase classname="test_suite.sentryDutyRoom.carInOutHandle.test_carNumMatchByHuman.TestCarNumMatchByHuman" file="test_suite\sentryDutyRoom\carInOutHandle\test_carNumMatchByHuman.py" line="40" name="test_mockCarOut[send_data0-expect0]" time="4.133"></testcase><testcase classname="test_suite.sentryDutyRoom.carInOutHandle.test_carNumMatchByHuman.TestCarNumMatchByHuman" file="test_suite\sentryDutyRoom\carInOutHandle\test_carNumMatchByHuman.py" line="46" name="test_matchCarNumByhuman[send_data0-expect0]" time="21.283"></testcase><testcase classname="test_suite.sentryDutyRoom.carInOutHandle.test_carNumMatchByHuman.TestCarNumMatchByHuman" file="test_suite\sentryDutyRoom\carInOutHandle\test_carNumMatchByHuman.py" line="52" name="test_sentryPay[send_data0-expect0]" time="17.457"></testcase><testcase classname="test_suite.sentryDutyRoom.carInOutHandle.test_carNumMatchByHuman.TestCarNumMatchByHuman" file="test_suite\sentryDutyRoom\carInOutHandle\test_carNumMatchByHuman.py" line="59" name="test_carLeaveHistory[send_data0-expect0]" time="13.568"></testcase><testcase classname="test_suite.sentryDutyRoom.carInOutHandle.test_carOutNoInside.TestCarOutNoInside" file="test_suite\sentryDutyRoom\carInOutHandle\test_carOutNoInside.py" line="22" name="test_mockCarOut[send_data0-expect0]" time="4.302"></testcase><testcase classname="test_suite.sentryDutyRoom.carInOutHandle.test_carOutNoInside.TestCarOutNoInside" file="test_suite\sentryDutyRoom\carInOutHandle\test_carOutNoInside.py" line="28" name="test_sentryAbnormalPay[send_data0-expect0]" time="18.085"></testcase><testcase classname="test_suite.sentryDutyRoom.carInOutHandle.test_carOutNoInside.TestCarOutNoInside" file="test_suite\sentryDutyRoom\carInOutHandle\test_carOutNoInside.py" line="36" name="test_carLeaveHistory[send_data0-expect0]" time="14.462"></testcase><testcase classname="test_suite.sentryDutyRoom.carInOutHandle.test_checkHistoryMsg.TestCheckHistoryMsg" file="test_suite\sentryDutyRoom\carInOutHandle\test_checkHistoryMsg.py" line="23" name="test_mockCarIn[send_data0-expect0]" time="0.001"><skipped message="尚未处理" type="pytest.skip">test_suite\sentryDutyRoom\carInOutHandle\test_checkHistoryMsg.py:24: 尚未处理</skipped></testcase><testcase classname="test_suite.sentryDutyRoom.carInOutHandle.test_checkHistoryMsg.TestCheckHistoryMsg" file="test_suite\sentryDutyRoom\carInOutHandle\test_checkHistoryMsg.py" line="31" name="test_checkCarIn[send_data0-expect0]" time="0.002"><skipped message="尚未处理" type="pytest.skip">test_suite\sentryDutyRoom\carInOutHandle\test_checkHistoryMsg.py:32: 尚未处理</skipped></testcase><testcase classname="test_suite.sentryDutyRoom.carInOutHandle.test_checkHistoryMsg.TestCheckHistoryMsg" file="test_suite\sentryDutyRoom\carInOutHandle\test_checkHistoryMsg.py" line="37" name="test_checkOneHistoryMsg[send_data0-expect0]" time="0.001"><skipped message="尚未处理" type="pytest.skip">test_suite\sentryDutyRoom\carInOutHandle\test_checkHistoryMsg.py:38: 尚未处理</skipped></testcase><testcase classname="test_suite.sentryDutyRoom.carInOutHandle.test_checkHistoryMsg.TestCheckHistoryMsg" file="test_suite\sentryDutyRoom\carInOutHandle\test_checkHistoryMsg.py" line="45" name="test_presentCar[send_data0-expect0]" time="0.001"><skipped message="尚未处理" type="pytest.skip">test_suite\sentryDutyRoom\carInOutHandle\test_checkHistoryMsg.py:46: 尚未处理</skipped></testcase><testcase classname="test_suite.sentryDutyRoom.carInOutHandle.test_checkHistoryMsg.TestCheckHistoryMsg" file="test_suite\sentryDutyRoom\carInOutHandle\test_checkHistoryMsg.py" line="51" name="test_mockCarOut[send_data0-expect0]" time="0.001"><skipped message="尚未处理" type="pytest.skip">test_suite\sentryDutyRoom\carInOutHandle\test_checkHistoryMsg.py:52: 尚未处理</skipped></testcase><testcase classname="test_suite.sentryDutyRoom.carInOutHandle.test_checkHistoryMsg.TestCheckHistoryMsg" file="test_suite\sentryDutyRoom\carInOutHandle\test_checkHistoryMsg.py" line="57" name="test_checkCarOut[send_data0-expect0]" time="0.002"><skipped message="尚未处理" type="pytest.skip">test_suite\sentryDutyRoom\carInOutHandle\test_checkHistoryMsg.py:58: 尚未处理</skipped></testcase><testcase classname="test_suite.sentryDutyRoom.carInOutHandle.test_checkHistoryMsg.TestCheckHistoryMsg" file="test_suite\sentryDutyRoom\carInOutHandle\test_checkHistoryMsg.py" line="63" name="test_checkOneHistoryMsg2[send_data0-expect0]" time="0.000"><skipped message="尚未处理" type="pytest.skip">test_suite\sentryDutyRoom\carInOutHandle\test_checkHistoryMsg.py:64: 尚未处理</skipped></testcase><testcase classname="test_suite.sentryDutyRoom.carInOutHandle.test_checkHistoryMsg.TestCheckHistoryMsg" file="test_suite\sentryDutyRoom\carInOutHandle\test_checkHistoryMsg.py" line="71" name="test_carLeaveHistory[send_data0-expect0]" time="0.001"><skipped message="尚未处理" type="pytest.skip">test_suite\sentryDutyRoom\carInOutHandle\test_checkHistoryMsg.py:72: 尚未处理</skipped></testcase><testcase classname="test_suite.sentryDutyRoom.carInOutHandle.test_checkOutAbnormal.TestCheckOutAbnormal" file="test_suite\sentryDutyRoom\carInOutHandle\test_checkOutAbnormal.py" line="27" name="test_mockCarIn[send_data0-expect0]" time="4.252"></testcase><testcase classname="test_suite.sentryDutyRoom.carInOutHandle.test_checkOutAbnormal.TestCheckOutAbnormal" file="test_suite\sentryDutyRoom\carInOutHandle\test_checkOutAbnormal.py" line="33" name="test_presentCar[send_data0-expect0]" time="8.525"></testcase><testcase classname="test_suite.sentryDutyRoom.carInOutHandle.test_checkOutAbnormal.TestCheckOutAbnormal" file="test_suite\sentryDutyRoom\carInOutHandle\test_checkOutAbnormal.py" line="39" name="test_mockCarOut[send_data0-expect0]" time="5.190"></testcase><testcase classname="test_suite.sentryDutyRoom.carInOutHandle.test_checkOutAbnormal.TestCheckOutAbnormal" file="test_suite\sentryDutyRoom\carInOutHandle\test_checkOutAbnormal.py" line="45" name="test_sentryCheckOutAbnormal[send_data0-expect0]" time="17.205"></testcase><testcase classname="test_suite.sentryDutyRoom.carInOutHandle.test_checkOutAbnormal.TestCheckOutAbnormal" file="test_suite\sentryDutyRoom\carInOutHandle\test_checkOutAbnormal.py" line="53" name="test_carLeaveHistory[send_data0-expect0]" time="13.466"></testcase><testcase classname="test_suite.sentryDutyRoom.carInOutHandle.test_checkOutNormal.TestCheckOutNormal" file="test_suite\sentryDutyRoom\carInOutHandle\test_checkOutNormal.py" line="23" name="test_mockCarIn[send_data0-expect0]" time="3.930"></testcase><testcase classname="test_suite.sentryDutyRoom.carInOutHandle.test_checkOutNormal.TestCheckOutNormal" file="test_suite\sentryDutyRoom\carInOutHandle\test_checkOutNormal.py" line="29" name="test_presentCar[send_data0-expect0]" time="8.437"></testcase><testcase classname="test_suite.sentryDutyRoom.carInOutHandle.test_checkOutNormal.TestCheckOutNormal" file="test_suite\sentryDutyRoom\carInOutHandle\test_checkOutNormal.py" line="35" name="test_mockCarOut[send_data0-expect0]" time="6.464"></testcase><testcase classname="test_suite.sentryDutyRoom.carInOutHandle.test_checkOutNormal.TestCheckOutNormal" file="test_suite\sentryDutyRoom\carInOutHandle\test_checkOutNormal.py" line="41" name="test_sentryCheckOut[send_data0-expect0]" time="17.337"></testcase><testcase classname="test_suite.sentryDutyRoom.carInOutHandle.test_checkOutNormal.TestCheckOutNormal" file="test_suite\sentryDutyRoom\carInOutHandle\test_checkOutNormal.py" line="49" name="test_carLeaveHistory[send_data0-expect0]" time="14.323"></testcase><testcase classname="test_suite.sentryDutyRoom.carInOutHandle.test_messageInAndOut_strict.TestSentryMessage" file="test_suite\sentryDutyRoom\carInOutHandle\test_messageInAndOut_strict.py" line="25" name="test_mockCarIn[send_data0-expect0]" time="3.831"></testcase><testcase classname="test_suite.sentryDutyRoom.carInOutHandle.test_messageInAndOut_strict.TestSentryMessage" file="test_suite\sentryDutyRoom\carInOutHandle\test_messageInAndOut_strict.py" line="31" name="test_checkMessageIn[send_data0-expect0]" time="17.195"></testcase><testcase classname="test_suite.sentryDutyRoom.carInOutHandle.test_messageInAndOut_strict.TestSentryMessage" file="test_suite\sentryDutyRoom\carInOutHandle\test_messageInAndOut_strict.py" line="39" name="test_mockCarOut[send_data0-expect0]" time="7.138"></testcase><testcase classname="test_suite.sentryDutyRoom.carInOutHandle.test_messageInAndOut_strict.TestSentryMessage" file="test_suite\sentryDutyRoom\carInOutHandle\test_messageInAndOut_strict.py" line="45" name="test_checkMessageOut[send_data0-expect0]" time="17.086"></testcase><testcase classname="test_suite.sentryDutyRoom.carInOutHandle.test_messageInAndOut_strict.TestSentryMessage" file="test_suite\sentryDutyRoom\carInOutHandle\test_messageInAndOut_strict.py" line="53" name="test_carLeaveHistory[send_data0-expect0]" time="13.613"></testcase><testcase classname="test_suite.sentryDutyRoom.carInOutHandle.test_recordInAdjustCarNum.TestRecordInAdjustCarNum" file="test_suite\sentryDutyRoom\carInOutHandle\test_recordInAdjustCarNum.py" line="23" name="test_mockCarIn[send_data0-expect0]" time="3.959"></testcase><testcase classname="test_suite.sentryDutyRoom.carInOutHandle.test_recordInAdjustCarNum.TestRecordInAdjustCarNum" file="test_suite\sentryDutyRoom\carInOutHandle\test_recordInAdjustCarNum.py" line="29" name="test_recordIn[send_data0-expect0]" time="7.142"></testcase><testcase classname="test_suite.sentryDutyRoom.carInOutHandle.test_recordInAdjustCarNum.TestRecordInAdjustCarNum" file="test_suite\sentryDutyRoom\carInOutHandle\test_recordInAdjustCarNum.py" line="35" name="test_adjustCarNum[send_data0-expect0]" time="14.345"></testcase><testcase classname="test_suite.sentryDutyRoom.carInOutHandle.test_recordInAdjustCarNum.TestRecordInAdjustCarNum" file="test_suite\sentryDutyRoom\carInOutHandle\test_recordInAdjustCarNum.py" line="41" name="test_checkAdjustCarInWaterNum[send_data0-expect0]" time="8.654"></testcase><testcase classname="test_suite.sentryDutyRoom.carInOutHandle.test_recordInAdjustCarNum.TestRecordInAdjustCarNum" file="test_suite\sentryDutyRoom\carInOutHandle\test_recordInAdjustCarNum.py" line="47" name="test_recordIn2[send_data0-expect0]" time="7.196"></testcase><testcase classname="test_suite.sentryDutyRoom.carInOutHandle.test_recordInAdjustCarNum.TestRecordInAdjustCarNum" file="test_suite\sentryDutyRoom\carInOutHandle\test_recordInAdjustCarNum.py" line="53" name="test_mockCarout[send_data0-expect0]" time="7.363"></testcase><testcase classname="test_suite.sentryDutyRoom.carInOutHandle.test_recordInAdjustCarNum.TestRecordInAdjustCarNum" file="test_suite\sentryDutyRoom\carInOutHandle\test_recordInAdjustCarNum.py" line="59" name="test_checkOut[send_data0-expect0]" time="14.390"></testcase><testcase classname="test_suite.sentryDutyRoom.carInOutHandle.test_recordInAdjustCarNum.TestRecordInAdjustCarNum" file="test_suite\sentryDutyRoom\carInOutHandle\test_recordInAdjustCarNum.py" line="65" name="test_recordOut[send_data0-expect0]" time="7.508"></testcase><testcase classname="test_suite.sentryDutyRoom.carInOutHandle.test_recordInAndOut.TestSentryRecordInOut" file="test_suite\sentryDutyRoom\carInOutHandle\test_recordInAndOut.py" line="20" name="test_mockCarIn[send_data0-expect0]" time="3.896"></testcase><testcase classname="test_suite.sentryDutyRoom.carInOutHandle.test_recordInAndOut.TestSentryRecordInOut" file="test_suite\sentryDutyRoom\carInOutHandle\test_recordInAndOut.py" line="26" name="test_recordIn[send_data0-expect0]" time="7.419"></testcase><testcase classname="test_suite.sentryDutyRoom.carInOutHandle.test_recordInAndOut.TestSentryRecordInOut" file="test_suite\sentryDutyRoom\carInOutHandle\test_recordInAndOut.py" line="32" name="test_mockCarout[send_data0-expect0]" time="5.073"></testcase><testcase classname="test_suite.sentryDutyRoom.carInOutHandle.test_recordInAndOut.TestSentryRecordInOut" file="test_suite\sentryDutyRoom\carInOutHandle\test_recordInAndOut.py" line="38" name="test_checkOut[send_data0-expect0]" time="17.244"></testcase><testcase classname="test_suite.sentryDutyRoom.carInOutHandle.test_recordInAndOut.TestSentryRecordInOut" file="test_suite\sentryDutyRoom\carInOutHandle\test_recordInAndOut.py" line="46" name="test_recordOut[send_data0-expect0]" time="7.162"></testcase><testcase classname="test_suite.sentryDutyRoom.carInOutHandle.test_yellowCarWideInOut.TestYellowCarWideInOut" file="test_suite\sentryDutyRoom\carInOutHandle\test_yellowCarWideInOut.py" line="21" name="test_mockCarIn[send_data0-expect0]" time="3.882"></testcase><testcase classname="test_suite.sentryDutyRoom.carInOutHandle.test_yellowCarWideInOut.TestYellowCarWideInOut" file="test_suite\sentryDutyRoom\carInOutHandle\test_yellowCarWideInOut.py" line="27" name="test_presentCarType[send_data0-expect0]" time="9.870"></testcase><testcase classname="test_suite.sentryDutyRoom.carInOutHandle.test_yellowCarWideInOut.TestYellowCarWideInOut" file="test_suite\sentryDutyRoom\carInOutHandle\test_yellowCarWideInOut.py" line="33" name="test_mockCarOut[send_data0-expect0]" time="5.433"></testcase><testcase classname="test_suite.sentryDutyRoom.carInOutHandle.test_yellowCarWideInOut.TestYellowCarWideInOut" file="test_suite\sentryDutyRoom\carInOutHandle\test_yellowCarWideInOut.py" line="39" name="test_sentryPaty[send_data0-expect0]" time="17.381"></testcase><testcase classname="test_suite.sentryDutyRoom.carInOutHandle.test_yellowCarWideInOut.TestYellowCarWideInOut" file="test_suite\sentryDutyRoom\carInOutHandle\test_yellowCarWideInOut.py" line="45" name="test_carLeaveHistory[send_data0-expect0]" time="13.498"></testcase><testcase classname="test_suite.sentryDutyRoom.personalInfo.test_checkTollFlow.TestCheckTollFlow" file="test_suite\sentryDutyRoom\personalInfo\test_checkTollFlow.py" line="22" name="test_mockCarIn[send_data0-expect0]" time="3.871"></testcase><testcase classname="test_suite.sentryDutyRoom.personalInfo.test_checkTollFlow.TestCheckTollFlow" file="test_suite\sentryDutyRoom\personalInfo\test_checkTollFlow.py" line="28" name="test_mockCarout[send_data0-expect0]" time="5.267"></testcase><testcase classname="test_suite.sentryDutyRoom.personalInfo.test_checkTollFlow.TestCheckTollFlow" file="test_suite\sentryDutyRoom\personalInfo\test_checkTollFlow.py" line="34" name="test_sentryPay[send_data0-expect0]" time="17.060"></testcase><testcase classname="test_suite.sentryDutyRoom.personalInfo.test_checkTollFlow.TestCheckTollFlow" file="test_suite\sentryDutyRoom\personalInfo\test_checkTollFlow.py" line="40" name="test_offDuty[send_data0-expect0]" time="4.508"></testcase><testcase classname="test_suite.sentryDutyRoom.personalInfo.test_checkTollFlow.TestCheckTollFlow" file="test_suite\sentryDutyRoom\personalInfo\test_checkTollFlow.py" line="46" name="test_shiftMoneys[send_data0-expect0]" time="8.834"></testcase><testcase classname="test_suite.sentryDutyRoom.personalInfo.test_personalInfo.TestPersonalInfo" file="test_suite\sentryDutyRoom\personalInfo\test_personalInfo.py" line="22" name="test_personalInfoBefore[send_data0-expect0]" time="3.434"></testcase><testcase classname="test_suite.sentryDutyRoom.personalInfo.test_personalInfo.TestPersonalInfo" file="test_suite\sentryDutyRoom\personalInfo\test_personalInfo.py" line="29" name="test_mockCarIn[send_data0-expect0]" time="4.251"></testcase><testcase classname="test_suite.sentryDutyRoom.personalInfo.test_personalInfo.TestPersonalInfo" file="test_suite\sentryDutyRoom\personalInfo\test_personalInfo.py" line="35" name="test_mockCarOut[send_data0-expect0]" time="7.100"></testcase><testcase classname="test_suite.sentryDutyRoom.personalInfo.test_personalInfo.TestPersonalInfo" file="test_suite\sentryDutyRoom\personalInfo\test_personalInfo.py" line="41" name="test_sentryPay[send_data0-expect0]" time="17.360"></testcase><testcase classname="test_suite.sentryDutyRoom.personalInfo.test_personalInfo.TestPersonalInfo" file="test_suite\sentryDutyRoom\personalInfo\test_personalInfo.py" line="47" name="test_personalInfoAfter[send_data0-expect0]" time="3.506"></testcase><testcase classname="test_suite.sentryDutyRoom.personalInfo.test_sentryHandOverDuty.TestSentryHandOverDuty" file="test_suite\sentryDutyRoom\personalInfo\test_sentryHandOverDuty.py" line="22" name="test_handOverDuty[send_data0-expect0]" time="4.769"></testcase><testcase classname="test_suite.sentryDutyRoom.personalInfo.test_sentryHandOverDuty.TestSentryHandOverDuty" file="test_suite\sentryDutyRoom\personalInfo\test_sentryHandOverDuty.py" line="30" name="test_offDuty[sentryLogin0-send_data0-expect0]" time="4.133"></testcase></testsuite></testsuites>